<?xml version="1.0" encoding="UTF-8" standalone="no"?>
<testsuite failures="25" name="cucumber.runtime.formatter.JUnitFormatter" skipped="0" tests="48" time="2175.842583">
<testcase classname="Lord and Taylor Shopping Bag Page and Add To Cart Functionality" name="1. Verify that shopping cart pop up shows the same product related details after adding the item" time="56.858536">
<system-out><![CDATA[Given Not a validated Shopping Cart Page and Add To Cart Functionality......passed
When User browse to the site................................................passed
And Closes the Popup window.................................................passed
Then Lord and Taylor Homepage should display................................passed
When User hover over the men section in navigation bar......................passed
And User click on the Nike Link.............................................passed
Then Nike products page should display......................................passed
When User click on Nike Hydroguard Mica Top product image...................passed
Then Hydroguard Mica Top Product page should display........................passed
When User click on "Mica Blue" color option.................................passed
And Selects Large as the size...............................................passed
And Click on Add To Bag Button..............................................passed
Then User should see the following product related details in the pop up box.passed
]]></system-out>
</testcase>
<testcase classname="Lord and Taylor Shopping Bag Page and Add To Cart Functionality" name="7. Verify the remove item functionality in the shopping bag page" time="67.548426">
<system-out><![CDATA[Given Not a validated Shopping Cart Page and Add To Cart Functionality......passed
When User browse to the site................................................passed
And Closes the Popup window.................................................passed
Then Lord and Taylor Homepage should display................................passed
When User hover over the men section in navigation bar......................passed
And User click on the Nike Link.............................................passed
Then Nike products page should display......................................passed
When User click on Nike Hydroguard Mica Top product image...................passed
Then Hydroguard Mica Top Product page should display........................passed
When User click on "Mica Blue" color option.................................passed
And Selects Large as the size...............................................passed
And Click on Add To Bag Button..............................................passed
When User click on the View My Bag button...................................passed
Then Shopping Bag page should display.......................................passed
When User clicks the remove item link.......................................passed
And Clicks on the confirm remove item link..................................passed
Then User should see that the item has been removed.........................passed
]]></system-out>
</testcase>
<testcase classname="Lord and Taylor Shopping Bag Page and Add To Cart Functionality" name="12. Verify Paypal checkout button" time="28.312933">
<failure message="org.openqa.selenium.NoSuchElementException: Unable to locate element: //div[@id='close-button']&#10;For documentation on this error, please visit: http://seleniumhq.org/exceptions/no_such_element.html&#10;Build info: version: '3.8.1', revision: '6e95a6684b', time: '2017-12-01T18:33:54.468Z'&#10;System info: host: 'DEBAJYOTI', ip: '192.168.1.209', os.name: 'Windows 8.1', os.arch: 'amd64', os.version: '6.3', java.version: '1.8.0_111'&#10;Driver info: org.openqa.selenium.firefox.FirefoxDriver&#10;Capabilities {acceptInsecureCerts: true, browserName: firefox, browserVersion: 54.0.1, javascriptEnabled: true, moz:accessibilityChecks: false, moz:processID: 11004, moz:profile: C:\Users\DEBAJY~1\AppData\L..., pageLoadStrategy: normal, platform: XP, platformName: XP, platformVersion: 6.3, rotatable: false, specificationLevel: 0, timeouts: {implicit: 0, pageLoad: 300000, script: 30000}}&#10;Session ID: e7abdd6c-6678-4999-aaba-c4131e1fd93e&#10;*** Element info: {Using=xpath, value=//div[@id='close-button']}&#13;&#10;&#9;at sun.reflect.NativeConstructorAccessorImpl.newInstance0(Native Method)&#13;&#10;&#9;at sun.reflect.NativeConstructorAccessorImpl.newInstance(NativeConstructorAccessorImpl.java:62)&#13;&#10;&#9;at sun.reflect.DelegatingConstructorAccessorImpl.newInstance(DelegatingConstructorAccessorImpl.java:45)&#13;&#10;&#9;at java.lang.reflect.Constructor.newInstance(Constructor.java:423)&#13;&#10;&#9;at org.openqa.selenium.remote.http.W3CHttpResponseCodec.createException(W3CHttpResponseCodec.java:187)&#13;&#10;&#9;at org.openqa.selenium.remote.http.W3CHttpResponseCodec.decode(W3CHttpResponseCodec.java:122)&#13;&#10;&#9;at org.openqa.selenium.remote.http.W3CHttpResponseCodec.decode(W3CHttpResponseCodec.java:49)&#13;&#10;&#9;at org.openqa.selenium.remote.HttpCommandExecutor.execute(HttpCommandExecutor.java:164)&#13;&#10;&#9;at org.openqa.selenium.remote.service.DriverCommandExecutor.execute(DriverCommandExecutor.java:83)&#13;&#10;&#9;at org.openqa.selenium.remote.RemoteWebDriver.execute(RemoteWebDriver.java:601)&#13;&#10;&#9;at org.openqa.selenium.remote.RemoteWebDriver.findElement(RemoteWebDriver.java:371)&#13;&#10;&#9;at org.openqa.selenium.remote.RemoteWebDriver.findElementByXPath(RemoteWebDriver.java:473)&#13;&#10;&#9;at org.openqa.selenium.By$ByXPath.findElement(By.java:361)&#13;&#10;&#9;at org.openqa.selenium.remote.RemoteWebDriver.findElement(RemoteWebDriver.java:363)&#13;&#10;&#9;at com.lordAndTaylor.qa.framework.controller.PageBaseMethods.clickElement(PageBaseMethods.java:63)&#13;&#10;&#9;at com.lordAndTaylor.qa.framework.controller.HomePageController.closeEmailPopUp(HomePageController.java:33)&#13;&#10;&#9;at com.lordAndTaylor.qa.scripts.steps.HomePageSteps.closes_the_Popup_window(HomePageSteps.java:13)&#13;&#10;&#9;at ✽.And Closes the Popup window(addToCartFunctionality.feature:6)&#13;&#10;"><![CDATA[Given Not a validated Shopping Cart Page and Add To Cart Functionality......passed
When User browse to the site................................................passed
And Closes the Popup window.................................................failed
Then Lord and Taylor Homepage should display................................skipped
When User hover over the men section in navigation bar......................skipped
And User click on the Nike Link.............................................skipped
Then Nike products page should display......................................skipped
When User click on Nike Hydroguard Mica Top product image...................skipped
Then Hydroguard Mica Top Product page should display........................skipped
When User click on "Mica Blue" color option.................................skipped
And Selects Large as the size...............................................skipped
And Click on Add To Bag Button..............................................skipped
When User click on the View My Bag button...................................skipped
Then Shopping Bag page should display.......................................skipped
When User enter zipcode as "11435"..........................................skipped
And Click on shipping method dropdown.......................................skipped
And Selects "Rush" as the shipping method...................................skipped
And Click on the paypal checkout button.....................................skipped
Then Paypal checkout page should open.......................................skipped

StackTrace:
org.openqa.selenium.NoSuchElementException: Unable to locate element: //div[@id='close-button']
For documentation on this error, please visit: http://seleniumhq.org/exceptions/no_such_element.html
Build info: version: '3.8.1', revision: '6e95a6684b', time: '2017-12-01T18:33:54.468Z'
System info: host: 'DEBAJYOTI', ip: '192.168.1.209', os.name: 'Windows 8.1', os.arch: 'amd64', os.version: '6.3', java.version: '1.8.0_111'
Driver info: org.openqa.selenium.firefox.FirefoxDriver
Capabilities {acceptInsecureCerts: true, browserName: firefox, browserVersion: 54.0.1, javascriptEnabled: true, moz:accessibilityChecks: false, moz:processID: 11004, moz:profile: C:\Users\DEBAJY~1\AppData\L..., pageLoadStrategy: normal, platform: XP, platformName: XP, platformVersion: 6.3, rotatable: false, specificationLevel: 0, timeouts: {implicit: 0, pageLoad: 300000, script: 30000}}
Session ID: e7abdd6c-6678-4999-aaba-c4131e1fd93e
*** Element info: {Using=xpath, value=//div[@id='close-button']}
	at sun.reflect.NativeConstructorAccessorImpl.newInstance0(Native Method)
	at sun.reflect.NativeConstructorAccessorImpl.newInstance(NativeConstructorAccessorImpl.java:62)
	at sun.reflect.DelegatingConstructorAccessorImpl.newInstance(DelegatingConstructorAccessorImpl.java:45)
	at java.lang.reflect.Constructor.newInstance(Constructor.java:423)
	at org.openqa.selenium.remote.http.W3CHttpResponseCodec.createException(W3CHttpResponseCodec.java:187)
	at org.openqa.selenium.remote.http.W3CHttpResponseCodec.decode(W3CHttpResponseCodec.java:122)
	at org.openqa.selenium.remote.http.W3CHttpResponseCodec.decode(W3CHttpResponseCodec.java:49)
	at org.openqa.selenium.remote.HttpCommandExecutor.execute(HttpCommandExecutor.java:164)
	at org.openqa.selenium.remote.service.DriverCommandExecutor.execute(DriverCommandExecutor.java:83)
	at org.openqa.selenium.remote.RemoteWebDriver.execute(RemoteWebDriver.java:601)
	at org.openqa.selenium.remote.RemoteWebDriver.findElement(RemoteWebDriver.java:371)
	at org.openqa.selenium.remote.RemoteWebDriver.findElementByXPath(RemoteWebDriver.java:473)
	at org.openqa.selenium.By$ByXPath.findElement(By.java:361)
	at org.openqa.selenium.remote.RemoteWebDriver.findElement(RemoteWebDriver.java:363)
	at com.lordAndTaylor.qa.framework.controller.PageBaseMethods.clickElement(PageBaseMethods.java:63)
	at com.lordAndTaylor.qa.framework.controller.HomePageController.closeEmailPopUp(HomePageController.java:33)
	at com.lordAndTaylor.qa.scripts.steps.HomePageSteps.closes_the_Popup_window(HomePageSteps.java:13)
	at ✽.And Closes the Popup window(addToCartFunctionality.feature:6)
]]></failure>
</testcase>
<testcase classname="Lord and Taylor Shopping Bag Page and Add To Cart Functionality" name="1. Verify that shopping cart pop up shows the same product related details after adding the item" time="54.611424">
<system-out><![CDATA[Given Not a validated Shopping Cart Page and Add To Cart Functionality......passed
When User browse to the site................................................passed
And Closes the Popup window.................................................passed
Then Lord and Taylor Homepage should display................................passed
When User hover over the men section in navigation bar......................passed
And User click on the Nike Link.............................................passed
Then Nike products page should display......................................passed
When User click on Nike Hydroguard Mica Top product image...................passed
Then Hydroguard Mica Top Product page should display........................passed
When User click on "Mica Blue" color option.................................passed
And Selects Large as the size...............................................passed
And Click on Add To Bag Button..............................................passed
Then User should see the following product related details in the pop up box.passed
]]></system-out>
</testcase>
<testcase classname="Lord and Taylor Shopping Bag Page and Add To Cart Functionality" name="7. Verify the remove item functionality in the shopping bag page" time="67.809042">
<system-out><![CDATA[Given Not a validated Shopping Cart Page and Add To Cart Functionality......passed
When User browse to the site................................................passed
And Closes the Popup window.................................................passed
Then Lord and Taylor Homepage should display................................passed
When User hover over the men section in navigation bar......................passed
And User click on the Nike Link.............................................passed
Then Nike products page should display......................................passed
When User click on Nike Hydroguard Mica Top product image...................passed
Then Hydroguard Mica Top Product page should display........................passed
When User click on "Mica Blue" color option.................................passed
And Selects Large as the size...............................................passed
And Click on Add To Bag Button..............................................passed
When User click on the View My Bag button...................................passed
Then Shopping Bag page should display.......................................passed
When User clicks the remove item link.......................................passed
And Clicks on the confirm remove item link..................................passed
Then User should see that the item has been removed.........................passed
]]></system-out>
</testcase>
<testcase classname="Lord and Taylor Shopping Bag Page and Add To Cart Functionality" name="12. Verify Paypal checkout button" time="69.65535">
<failure message="org.openqa.selenium.TimeoutException: Timeout loading page after 60000ms&#10;Build info: version: '3.8.1', revision: '6e95a6684b', time: '2017-12-01T18:33:54.468Z'&#10;System info: host: 'DEBAJYOTI', ip: '192.168.1.209', os.name: 'Windows 8.1', os.arch: 'amd64', os.version: '6.3', java.version: '1.8.0_111'&#10;Driver info: org.openqa.selenium.firefox.FirefoxDriver&#10;Capabilities {acceptInsecureCerts: true, browserName: firefox, browserVersion: 54.0.1, javascriptEnabled: true, moz:accessibilityChecks: false, moz:processID: 9636, moz:profile: C:\Users\DEBAJY~1\AppData\L..., pageLoadStrategy: normal, platform: XP, platformName: XP, platformVersion: 6.3, rotatable: false, specificationLevel: 0, timeouts: {implicit: 0, pageLoad: 300000, script: 30000}}&#10;Session ID: 8c4b62c2-52a2-4373-a5f6-426b61278b8d&#13;&#10;&#9;at sun.reflect.NativeConstructorAccessorImpl.newInstance0(Native Method)&#13;&#10;&#9;at sun.reflect.NativeConstructorAccessorImpl.newInstance(NativeConstructorAccessorImpl.java:62)&#13;&#10;&#9;at sun.reflect.DelegatingConstructorAccessorImpl.newInstance(DelegatingConstructorAccessorImpl.java:45)&#13;&#10;&#9;at java.lang.reflect.Constructor.newInstance(Constructor.java:423)&#13;&#10;&#9;at org.openqa.selenium.remote.http.W3CHttpResponseCodec.createException(W3CHttpResponseCodec.java:187)&#13;&#10;&#9;at org.openqa.selenium.remote.http.W3CHttpResponseCodec.decode(W3CHttpResponseCodec.java:122)&#13;&#10;&#9;at org.openqa.selenium.remote.http.W3CHttpResponseCodec.decode(W3CHttpResponseCodec.java:49)&#13;&#10;&#9;at org.openqa.selenium.remote.HttpCommandExecutor.execute(HttpCommandExecutor.java:164)&#13;&#10;&#9;at org.openqa.selenium.remote.service.DriverCommandExecutor.execute(DriverCommandExecutor.java:83)&#13;&#10;&#9;at org.openqa.selenium.remote.RemoteWebDriver.execute(RemoteWebDriver.java:601)&#13;&#10;&#9;at org.openqa.selenium.remote.RemoteWebDriver.get(RemoteWebDriver.java:325)&#13;&#10;&#9;at org.openqa.selenium.remote.RemoteWebDriver$RemoteNavigation.to(RemoteWebDriver.java:912)&#13;&#10;&#9;at com.lordAndTaylor.qa.framework.controller.PageBaseMethods.navigateToApplication(PageBaseMethods.java:24)&#13;&#10;&#9;at com.lordAndTaylor.qa.scripts.steps.ApplicationSteps.user_browse_to_the_site(ApplicationSteps.java:24)&#13;&#10;&#9;at ✽.When User browse to the site(addToCartFunctionality.feature:5)&#13;&#10;"><![CDATA[Given Not a validated Shopping Cart Page and Add To Cart Functionality......passed
When User browse to the site................................................failed
And Closes the Popup window.................................................skipped
Then Lord and Taylor Homepage should display................................skipped
When User hover over the men section in navigation bar......................skipped
And User click on the Nike Link.............................................skipped
Then Nike products page should display......................................skipped
When User click on Nike Hydroguard Mica Top product image...................skipped
Then Hydroguard Mica Top Product page should display........................skipped
When User click on "Mica Blue" color option.................................skipped
And Selects Large as the size...............................................skipped
And Click on Add To Bag Button..............................................skipped
When User click on the View My Bag button...................................skipped
Then Shopping Bag page should display.......................................skipped
When User enter zipcode as "11435"..........................................skipped
And Click on shipping method dropdown.......................................skipped
And Selects "Rush" as the shipping method...................................skipped
And Click on the paypal checkout button.....................................skipped
Then Paypal checkout page should open.......................................skipped

StackTrace:
org.openqa.selenium.TimeoutException: Timeout loading page after 60000ms
Build info: version: '3.8.1', revision: '6e95a6684b', time: '2017-12-01T18:33:54.468Z'
System info: host: 'DEBAJYOTI', ip: '192.168.1.209', os.name: 'Windows 8.1', os.arch: 'amd64', os.version: '6.3', java.version: '1.8.0_111'
Driver info: org.openqa.selenium.firefox.FirefoxDriver
Capabilities {acceptInsecureCerts: true, browserName: firefox, browserVersion: 54.0.1, javascriptEnabled: true, moz:accessibilityChecks: false, moz:processID: 9636, moz:profile: C:\Users\DEBAJY~1\AppData\L..., pageLoadStrategy: normal, platform: XP, platformName: XP, platformVersion: 6.3, rotatable: false, specificationLevel: 0, timeouts: {implicit: 0, pageLoad: 300000, script: 30000}}
Session ID: 8c4b62c2-52a2-4373-a5f6-426b61278b8d
	at sun.reflect.NativeConstructorAccessorImpl.newInstance0(Native Method)
	at sun.reflect.NativeConstructorAccessorImpl.newInstance(NativeConstructorAccessorImpl.java:62)
	at sun.reflect.DelegatingConstructorAccessorImpl.newInstance(DelegatingConstructorAccessorImpl.java:45)
	at java.lang.reflect.Constructor.newInstance(Constructor.java:423)
	at org.openqa.selenium.remote.http.W3CHttpResponseCodec.createException(W3CHttpResponseCodec.java:187)
	at org.openqa.selenium.remote.http.W3CHttpResponseCodec.decode(W3CHttpResponseCodec.java:122)
	at org.openqa.selenium.remote.http.W3CHttpResponseCodec.decode(W3CHttpResponseCodec.java:49)
	at org.openqa.selenium.remote.HttpCommandExecutor.execute(HttpCommandExecutor.java:164)
	at org.openqa.selenium.remote.service.DriverCommandExecutor.execute(DriverCommandExecutor.java:83)
	at org.openqa.selenium.remote.RemoteWebDriver.execute(RemoteWebDriver.java:601)
	at org.openqa.selenium.remote.RemoteWebDriver.get(RemoteWebDriver.java:325)
	at org.openqa.selenium.remote.RemoteWebDriver$RemoteNavigation.to(RemoteWebDriver.java:912)
	at com.lordAndTaylor.qa.framework.controller.PageBaseMethods.navigateToApplication(PageBaseMethods.java:24)
	at com.lordAndTaylor.qa.scripts.steps.ApplicationSteps.user_browse_to_the_site(ApplicationSteps.java:24)
	at ✽.When User browse to the site(addToCartFunctionality.feature:5)
]]></failure>
</testcase>
<testcase classname="Lord and Taylor Checkout Functionality" name="1. Verify item added is displayed the same in the Shipping &amp; Billing page" time="110.871841">
<system-out><![CDATA[Given Not a validated checkout Functionality................................passed
When User browse to the site................................................passed
And Closes the Popup window.................................................passed
Then Lord and Taylor Homepage should display................................passed
When User hover over the men section in navigation bar......................passed
And User click on the Nike Link.............................................passed
Then Nike products page should display......................................passed
When User click on Nike Hydroguard Mica Top product image...................passed
Then Hydroguard Mica Top Product page should display........................passed
When User click on "Mica Blue" color option.................................passed
And Selects Large as the size...............................................passed
And Click on Add To Bag Button..............................................passed
When User click on the View My Bag button...................................passed
And Click on the checkout button............................................passed
And click on the checkout as guest button...................................passed
Then Shipping and billing page should display...............................passed
And User should see the same product name that was added to the cart........passed
]]></system-out>
</testcase>
<testcase classname="Lord and Taylor Checkout Functionality" name="4. Verify the Payment type options in the Shipping &amp; Billing page" time="115.858801">
<failure message="org.openqa.selenium.NoSuchElementException: Unable to locate element: //button[@id='jsUseEntered']&#10;For documentation on this error, please visit: http://seleniumhq.org/exceptions/no_such_element.html&#10;Build info: version: '3.8.1', revision: '6e95a6684b', time: '2017-12-01T18:33:54.468Z'&#10;System info: host: 'DEBAJYOTI', ip: '192.168.1.209', os.name: 'Windows 8.1', os.arch: 'amd64', os.version: '6.3', java.version: '1.8.0_111'&#10;Driver info: org.openqa.selenium.firefox.FirefoxDriver&#10;Capabilities {acceptInsecureCerts: true, browserName: firefox, browserVersion: 54.0.1, javascriptEnabled: true, moz:accessibilityChecks: false, moz:processID: 5180, moz:profile: C:\Users\DEBAJY~1\AppData\L..., pageLoadStrategy: normal, platform: XP, platformName: XP, platformVersion: 6.3, rotatable: false, specificationLevel: 0, timeouts: {implicit: 0, pageLoad: 300000, script: 30000}}&#10;Session ID: ad51d1a6-c130-4699-9563-fd8e289d3100&#10;*** Element info: {Using=xpath, value=//button[@id='jsUseEntered']}&#13;&#10;&#9;at sun.reflect.NativeConstructorAccessorImpl.newInstance0(Native Method)&#13;&#10;&#9;at sun.reflect.NativeConstructorAccessorImpl.newInstance(NativeConstructorAccessorImpl.java:62)&#13;&#10;&#9;at sun.reflect.DelegatingConstructorAccessorImpl.newInstance(DelegatingConstructorAccessorImpl.java:45)&#13;&#10;&#9;at java.lang.reflect.Constructor.newInstance(Constructor.java:423)&#13;&#10;&#9;at org.openqa.selenium.remote.http.W3CHttpResponseCodec.createException(W3CHttpResponseCodec.java:187)&#13;&#10;&#9;at org.openqa.selenium.remote.http.W3CHttpResponseCodec.decode(W3CHttpResponseCodec.java:122)&#13;&#10;&#9;at org.openqa.selenium.remote.http.W3CHttpResponseCodec.decode(W3CHttpResponseCodec.java:49)&#13;&#10;&#9;at org.openqa.selenium.remote.HttpCommandExecutor.execute(HttpCommandExecutor.java:164)&#13;&#10;&#9;at org.openqa.selenium.remote.service.DriverCommandExecutor.execute(DriverCommandExecutor.java:83)&#13;&#10;&#9;at org.openqa.selenium.remote.RemoteWebDriver.execute(RemoteWebDriver.java:601)&#13;&#10;&#9;at org.openqa.selenium.remote.RemoteWebDriver.findElement(RemoteWebDriver.java:371)&#13;&#10;&#9;at org.openqa.selenium.remote.RemoteWebDriver.findElementByXPath(RemoteWebDriver.java:473)&#13;&#10;&#9;at org.openqa.selenium.By$ByXPath.findElement(By.java:361)&#13;&#10;&#9;at org.openqa.selenium.remote.RemoteWebDriver.findElement(RemoteWebDriver.java:363)&#13;&#10;&#9;at com.lordAndTaylor.qa.framework.controller.CheckoutController.clickCheckout(CheckoutController.java:70)&#13;&#10;&#9;at com.lordAndTaylor.qa.scripts.steps.CheckoutSteps.click_the_Continue_Checkout_button(CheckoutSteps.java:41)&#13;&#10;&#9;at ✽.And Click the Continue Checkout button(checkoutFunctionality.feature:51)&#13;&#10;"><![CDATA[Given Not a validated checkout Functionality................................passed
When User browse to the site................................................passed
And Closes the Popup window.................................................passed
Then Lord and Taylor Homepage should display................................passed
When User hover over the men section in navigation bar......................passed
And User click on the Nike Link.............................................passed
Then Nike products page should display......................................passed
When User click on Nike Hydroguard Mica Top product image...................passed
Then Hydroguard Mica Top Product page should display........................passed
When User click on "Mica Blue" color option.................................passed
And Selects Large as the size...............................................passed
And Click on Add To Bag Button..............................................passed
When User click on the View My Bag button...................................passed
And Click on the checkout button............................................passed
And click on the checkout as guest button...................................passed
Then Shipping and billing page should display...............................passed
When User enter Shipping details as.........................................passed
And Click the Continue Checkout button......................................failed
And Click on the use address as entered button..............................skipped
And Click on the payment dropdown in the payments section...................skipped
Then User should see the following payment options..........................skipped

StackTrace:
org.openqa.selenium.NoSuchElementException: Unable to locate element: //button[@id='jsUseEntered']
For documentation on this error, please visit: http://seleniumhq.org/exceptions/no_such_element.html
Build info: version: '3.8.1', revision: '6e95a6684b', time: '2017-12-01T18:33:54.468Z'
System info: host: 'DEBAJYOTI', ip: '192.168.1.209', os.name: 'Windows 8.1', os.arch: 'amd64', os.version: '6.3', java.version: '1.8.0_111'
Driver info: org.openqa.selenium.firefox.FirefoxDriver
Capabilities {acceptInsecureCerts: true, browserName: firefox, browserVersion: 54.0.1, javascriptEnabled: true, moz:accessibilityChecks: false, moz:processID: 5180, moz:profile: C:\Users\DEBAJY~1\AppData\L..., pageLoadStrategy: normal, platform: XP, platformName: XP, platformVersion: 6.3, rotatable: false, specificationLevel: 0, timeouts: {implicit: 0, pageLoad: 300000, script: 30000}}
Session ID: ad51d1a6-c130-4699-9563-fd8e289d3100
*** Element info: {Using=xpath, value=//button[@id='jsUseEntered']}
	at sun.reflect.NativeConstructorAccessorImpl.newInstance0(Native Method)
	at sun.reflect.NativeConstructorAccessorImpl.newInstance(NativeConstructorAccessorImpl.java:62)
	at sun.reflect.DelegatingConstructorAccessorImpl.newInstance(DelegatingConstructorAccessorImpl.java:45)
	at java.lang.reflect.Constructor.newInstance(Constructor.java:423)
	at org.openqa.selenium.remote.http.W3CHttpResponseCodec.createException(W3CHttpResponseCodec.java:187)
	at org.openqa.selenium.remote.http.W3CHttpResponseCodec.decode(W3CHttpResponseCodec.java:122)
	at org.openqa.selenium.remote.http.W3CHttpResponseCodec.decode(W3CHttpResponseCodec.java:49)
	at org.openqa.selenium.remote.HttpCommandExecutor.execute(HttpCommandExecutor.java:164)
	at org.openqa.selenium.remote.service.DriverCommandExecutor.execute(DriverCommandExecutor.java:83)
	at org.openqa.selenium.remote.RemoteWebDriver.execute(RemoteWebDriver.java:601)
	at org.openqa.selenium.remote.RemoteWebDriver.findElement(RemoteWebDriver.java:371)
	at org.openqa.selenium.remote.RemoteWebDriver.findElementByXPath(RemoteWebDriver.java:473)
	at org.openqa.selenium.By$ByXPath.findElement(By.java:361)
	at org.openqa.selenium.remote.RemoteWebDriver.findElement(RemoteWebDriver.java:363)
	at com.lordAndTaylor.qa.framework.controller.CheckoutController.clickCheckout(CheckoutController.java:70)
	at com.lordAndTaylor.qa.scripts.steps.CheckoutSteps.click_the_Continue_Checkout_button(CheckoutSteps.java:41)
	at ✽.And Click the Continue Checkout button(checkoutFunctionality.feature:51)
]]></failure>
</testcase>
<testcase classname="Lord and Taylor Checkout Functionality" name="6. Verify the Error Message for an invalid credit card" time="107.644146">
<failure message="org.openqa.selenium.NoSuchElementException: Unable to locate element: //button[@id='jsUseEntered']&#10;For documentation on this error, please visit: http://seleniumhq.org/exceptions/no_such_element.html&#10;Build info: version: '3.8.1', revision: '6e95a6684b', time: '2017-12-01T18:33:54.468Z'&#10;System info: host: 'DEBAJYOTI', ip: '192.168.1.209', os.name: 'Windows 8.1', os.arch: 'amd64', os.version: '6.3', java.version: '1.8.0_111'&#10;Driver info: org.openqa.selenium.firefox.FirefoxDriver&#10;Capabilities {acceptInsecureCerts: true, browserName: firefox, browserVersion: 54.0.1, javascriptEnabled: true, moz:accessibilityChecks: false, moz:processID: 8364, moz:profile: C:\Users\DEBAJY~1\AppData\L..., pageLoadStrategy: normal, platform: XP, platformName: XP, platformVersion: 6.3, rotatable: false, specificationLevel: 0, timeouts: {implicit: 0, pageLoad: 300000, script: 30000}}&#10;Session ID: 77f80899-dfce-4f4e-9789-73f94d98d294&#10;*** Element info: {Using=xpath, value=//button[@id='jsUseEntered']}&#13;&#10;&#9;at sun.reflect.NativeConstructorAccessorImpl.newInstance0(Native Method)&#13;&#10;&#9;at sun.reflect.NativeConstructorAccessorImpl.newInstance(NativeConstructorAccessorImpl.java:62)&#13;&#10;&#9;at sun.reflect.DelegatingConstructorAccessorImpl.newInstance(DelegatingConstructorAccessorImpl.java:45)&#13;&#10;&#9;at java.lang.reflect.Constructor.newInstance(Constructor.java:423)&#13;&#10;&#9;at org.openqa.selenium.remote.http.W3CHttpResponseCodec.createException(W3CHttpResponseCodec.java:187)&#13;&#10;&#9;at org.openqa.selenium.remote.http.W3CHttpResponseCodec.decode(W3CHttpResponseCodec.java:122)&#13;&#10;&#9;at org.openqa.selenium.remote.http.W3CHttpResponseCodec.decode(W3CHttpResponseCodec.java:49)&#13;&#10;&#9;at org.openqa.selenium.remote.HttpCommandExecutor.execute(HttpCommandExecutor.java:164)&#13;&#10;&#9;at org.openqa.selenium.remote.service.DriverCommandExecutor.execute(DriverCommandExecutor.java:83)&#13;&#10;&#9;at org.openqa.selenium.remote.RemoteWebDriver.execute(RemoteWebDriver.java:601)&#13;&#10;&#9;at org.openqa.selenium.remote.RemoteWebDriver.findElement(RemoteWebDriver.java:371)&#13;&#10;&#9;at org.openqa.selenium.remote.RemoteWebDriver.findElementByXPath(RemoteWebDriver.java:473)&#13;&#10;&#9;at org.openqa.selenium.By$ByXPath.findElement(By.java:361)&#13;&#10;&#9;at org.openqa.selenium.remote.RemoteWebDriver.findElement(RemoteWebDriver.java:363)&#13;&#10;&#9;at com.lordAndTaylor.qa.framework.controller.CheckoutController.clickCheckout(CheckoutController.java:70)&#13;&#10;&#9;at com.lordAndTaylor.qa.scripts.steps.CheckoutSteps.click_the_Continue_Checkout_button(CheckoutSteps.java:41)&#13;&#10;&#9;at ✽.And Click the Continue Checkout button(checkoutFunctionality.feature:82)&#13;&#10;"><![CDATA[Given Not a validated checkout Functionality................................passed
When User browse to the site................................................passed
And Closes the Popup window.................................................passed
Then Lord and Taylor Homepage should display................................passed
When User hover over the men section in navigation bar......................passed
And User click on the Nike Link.............................................passed
Then Nike products page should display......................................passed
When User click on Nike Hydroguard Mica Top product image...................passed
Then Hydroguard Mica Top Product page should display........................passed
When User click on "Mica Blue" color option.................................passed
And Selects Large as the size...............................................passed
And Click on Add To Bag Button..............................................passed
When User click on the View My Bag button...................................passed
And Click on the checkout button............................................passed
And click on the checkout as guest button...................................passed
Then Shipping and billing page should display...............................passed
When User enter Shipping details as.........................................passed
And Click the Continue Checkout button......................................failed
And Click on the use address as entered button..............................skipped
And Click on the payment dropdown in the payments section...................skipped
And User selects "Visa" as the payment type.................................skipped
And Provides the following card information.................................skipped
And Click the continue Checkout.............................................skipped
Then User should see Invalid card error message.............................skipped

StackTrace:
org.openqa.selenium.NoSuchElementException: Unable to locate element: //button[@id='jsUseEntered']
For documentation on this error, please visit: http://seleniumhq.org/exceptions/no_such_element.html
Build info: version: '3.8.1', revision: '6e95a6684b', time: '2017-12-01T18:33:54.468Z'
System info: host: 'DEBAJYOTI', ip: '192.168.1.209', os.name: 'Windows 8.1', os.arch: 'amd64', os.version: '6.3', java.version: '1.8.0_111'
Driver info: org.openqa.selenium.firefox.FirefoxDriver
Capabilities {acceptInsecureCerts: true, browserName: firefox, browserVersion: 54.0.1, javascriptEnabled: true, moz:accessibilityChecks: false, moz:processID: 8364, moz:profile: C:\Users\DEBAJY~1\AppData\L..., pageLoadStrategy: normal, platform: XP, platformName: XP, platformVersion: 6.3, rotatable: false, specificationLevel: 0, timeouts: {implicit: 0, pageLoad: 300000, script: 30000}}
Session ID: 77f80899-dfce-4f4e-9789-73f94d98d294
*** Element info: {Using=xpath, value=//button[@id='jsUseEntered']}
	at sun.reflect.NativeConstructorAccessorImpl.newInstance0(Native Method)
	at sun.reflect.NativeConstructorAccessorImpl.newInstance(NativeConstructorAccessorImpl.java:62)
	at sun.reflect.DelegatingConstructorAccessorImpl.newInstance(DelegatingConstructorAccessorImpl.java:45)
	at java.lang.reflect.Constructor.newInstance(Constructor.java:423)
	at org.openqa.selenium.remote.http.W3CHttpResponseCodec.createException(W3CHttpResponseCodec.java:187)
	at org.openqa.selenium.remote.http.W3CHttpResponseCodec.decode(W3CHttpResponseCodec.java:122)
	at org.openqa.selenium.remote.http.W3CHttpResponseCodec.decode(W3CHttpResponseCodec.java:49)
	at org.openqa.selenium.remote.HttpCommandExecutor.execute(HttpCommandExecutor.java:164)
	at org.openqa.selenium.remote.service.DriverCommandExecutor.execute(DriverCommandExecutor.java:83)
	at org.openqa.selenium.remote.RemoteWebDriver.execute(RemoteWebDriver.java:601)
	at org.openqa.selenium.remote.RemoteWebDriver.findElement(RemoteWebDriver.java:371)
	at org.openqa.selenium.remote.RemoteWebDriver.findElementByXPath(RemoteWebDriver.java:473)
	at org.openqa.selenium.By$ByXPath.findElement(By.java:361)
	at org.openqa.selenium.remote.RemoteWebDriver.findElement(RemoteWebDriver.java:363)
	at com.lordAndTaylor.qa.framework.controller.CheckoutController.clickCheckout(CheckoutController.java:70)
	at com.lordAndTaylor.qa.scripts.steps.CheckoutSteps.click_the_Continue_Checkout_button(CheckoutSteps.java:41)
	at ✽.And Click the Continue Checkout button(checkoutFunctionality.feature:82)
]]></failure>
</testcase>
<testcase classname="Lord and Taylor Checkout Functionality" name="1. Verify item added is displayed the same in the Shipping &amp; Billing page" time="28.218296">
<failure message="org.openqa.selenium.NoSuchElementException: Unable to locate element: //div[@id='close-button']&#10;For documentation on this error, please visit: http://seleniumhq.org/exceptions/no_such_element.html&#10;Build info: version: '3.8.1', revision: '6e95a6684b', time: '2017-12-01T18:33:54.468Z'&#10;System info: host: 'DEBAJYOTI', ip: '192.168.1.209', os.name: 'Windows 8.1', os.arch: 'amd64', os.version: '6.3', java.version: '1.8.0_111'&#10;Driver info: org.openqa.selenium.firefox.FirefoxDriver&#10;Capabilities {acceptInsecureCerts: true, browserName: firefox, browserVersion: 54.0.1, javascriptEnabled: true, moz:accessibilityChecks: false, moz:processID: 10912, moz:profile: C:\Users\DEBAJY~1\AppData\L..., pageLoadStrategy: normal, platform: XP, platformName: XP, platformVersion: 6.3, rotatable: false, specificationLevel: 0, timeouts: {implicit: 0, pageLoad: 300000, script: 30000}}&#10;Session ID: c38ab6ca-0c56-4e71-8ac7-93d17964644c&#10;*** Element info: {Using=xpath, value=//div[@id='close-button']}&#13;&#10;&#9;at sun.reflect.NativeConstructorAccessorImpl.newInstance0(Native Method)&#13;&#10;&#9;at sun.reflect.NativeConstructorAccessorImpl.newInstance(NativeConstructorAccessorImpl.java:62)&#13;&#10;&#9;at sun.reflect.DelegatingConstructorAccessorImpl.newInstance(DelegatingConstructorAccessorImpl.java:45)&#13;&#10;&#9;at java.lang.reflect.Constructor.newInstance(Constructor.java:423)&#13;&#10;&#9;at org.openqa.selenium.remote.http.W3CHttpResponseCodec.createException(W3CHttpResponseCodec.java:187)&#13;&#10;&#9;at org.openqa.selenium.remote.http.W3CHttpResponseCodec.decode(W3CHttpResponseCodec.java:122)&#13;&#10;&#9;at org.openqa.selenium.remote.http.W3CHttpResponseCodec.decode(W3CHttpResponseCodec.java:49)&#13;&#10;&#9;at org.openqa.selenium.remote.HttpCommandExecutor.execute(HttpCommandExecutor.java:164)&#13;&#10;&#9;at org.openqa.selenium.remote.service.DriverCommandExecutor.execute(DriverCommandExecutor.java:83)&#13;&#10;&#9;at org.openqa.selenium.remote.RemoteWebDriver.execute(RemoteWebDriver.java:601)&#13;&#10;&#9;at org.openqa.selenium.remote.RemoteWebDriver.findElement(RemoteWebDriver.java:371)&#13;&#10;&#9;at org.openqa.selenium.remote.RemoteWebDriver.findElementByXPath(RemoteWebDriver.java:473)&#13;&#10;&#9;at org.openqa.selenium.By$ByXPath.findElement(By.java:361)&#13;&#10;&#9;at org.openqa.selenium.remote.RemoteWebDriver.findElement(RemoteWebDriver.java:363)&#13;&#10;&#9;at com.lordAndTaylor.qa.framework.controller.PageBaseMethods.clickElement(PageBaseMethods.java:63)&#13;&#10;&#9;at com.lordAndTaylor.qa.framework.controller.HomePageController.closeEmailPopUp(HomePageController.java:33)&#13;&#10;&#9;at com.lordAndTaylor.qa.scripts.steps.HomePageSteps.closes_the_Popup_window(HomePageSteps.java:13)&#13;&#10;&#9;at ✽.And Closes the Popup window(checkoutFunctionality.feature:6)&#13;&#10;"><![CDATA[Given Not a validated checkout Functionality................................passed
When User browse to the site................................................passed
And Closes the Popup window.................................................failed
Then Lord and Taylor Homepage should display................................skipped
When User hover over the men section in navigation bar......................skipped
And User click on the Nike Link.............................................skipped
Then Nike products page should display......................................skipped
When User click on Nike Hydroguard Mica Top product image...................skipped
Then Hydroguard Mica Top Product page should display........................skipped
When User click on "Mica Blue" color option.................................skipped
And Selects Large as the size...............................................skipped
And Click on Add To Bag Button..............................................skipped
When User click on the View My Bag button...................................skipped
And Click on the checkout button............................................skipped
And click on the checkout as guest button...................................skipped
Then Shipping and billing page should display...............................skipped
And User should see the same product name that was added to the cart........skipped

StackTrace:
org.openqa.selenium.NoSuchElementException: Unable to locate element: //div[@id='close-button']
For documentation on this error, please visit: http://seleniumhq.org/exceptions/no_such_element.html
Build info: version: '3.8.1', revision: '6e95a6684b', time: '2017-12-01T18:33:54.468Z'
System info: host: 'DEBAJYOTI', ip: '192.168.1.209', os.name: 'Windows 8.1', os.arch: 'amd64', os.version: '6.3', java.version: '1.8.0_111'
Driver info: org.openqa.selenium.firefox.FirefoxDriver
Capabilities {acceptInsecureCerts: true, browserName: firefox, browserVersion: 54.0.1, javascriptEnabled: true, moz:accessibilityChecks: false, moz:processID: 10912, moz:profile: C:\Users\DEBAJY~1\AppData\L..., pageLoadStrategy: normal, platform: XP, platformName: XP, platformVersion: 6.3, rotatable: false, specificationLevel: 0, timeouts: {implicit: 0, pageLoad: 300000, script: 30000}}
Session ID: c38ab6ca-0c56-4e71-8ac7-93d17964644c
*** Element info: {Using=xpath, value=//div[@id='close-button']}
	at sun.reflect.NativeConstructorAccessorImpl.newInstance0(Native Method)
	at sun.reflect.NativeConstructorAccessorImpl.newInstance(NativeConstructorAccessorImpl.java:62)
	at sun.reflect.DelegatingConstructorAccessorImpl.newInstance(DelegatingConstructorAccessorImpl.java:45)
	at java.lang.reflect.Constructor.newInstance(Constructor.java:423)
	at org.openqa.selenium.remote.http.W3CHttpResponseCodec.createException(W3CHttpResponseCodec.java:187)
	at org.openqa.selenium.remote.http.W3CHttpResponseCodec.decode(W3CHttpResponseCodec.java:122)
	at org.openqa.selenium.remote.http.W3CHttpResponseCodec.decode(W3CHttpResponseCodec.java:49)
	at org.openqa.selenium.remote.HttpCommandExecutor.execute(HttpCommandExecutor.java:164)
	at org.openqa.selenium.remote.service.DriverCommandExecutor.execute(DriverCommandExecutor.java:83)
	at org.openqa.selenium.remote.RemoteWebDriver.execute(RemoteWebDriver.java:601)
	at org.openqa.selenium.remote.RemoteWebDriver.findElement(RemoteWebDriver.java:371)
	at org.openqa.selenium.remote.RemoteWebDriver.findElementByXPath(RemoteWebDriver.java:473)
	at org.openqa.selenium.By$ByXPath.findElement(By.java:361)
	at org.openqa.selenium.remote.RemoteWebDriver.findElement(RemoteWebDriver.java:363)
	at com.lordAndTaylor.qa.framework.controller.PageBaseMethods.clickElement(PageBaseMethods.java:63)
	at com.lordAndTaylor.qa.framework.controller.HomePageController.closeEmailPopUp(HomePageController.java:33)
	at com.lordAndTaylor.qa.scripts.steps.HomePageSteps.closes_the_Popup_window(HomePageSteps.java:13)
	at ✽.And Closes the Popup window(checkoutFunctionality.feature:6)
]]></failure>
</testcase>
<testcase classname="Lord and Taylor Checkout Functionality" name="4. Verify the Payment type options in the Shipping &amp; Billing page" time="107.586671">
<failure message="org.openqa.selenium.NoSuchElementException: Unable to locate element: //button[@id='jsUseEntered']&#10;For documentation on this error, please visit: http://seleniumhq.org/exceptions/no_such_element.html&#10;Build info: version: '3.8.1', revision: '6e95a6684b', time: '2017-12-01T18:33:54.468Z'&#10;System info: host: 'DEBAJYOTI', ip: '192.168.1.209', os.name: 'Windows 8.1', os.arch: 'amd64', os.version: '6.3', java.version: '1.8.0_111'&#10;Driver info: org.openqa.selenium.firefox.FirefoxDriver&#10;Capabilities {acceptInsecureCerts: true, browserName: firefox, browserVersion: 54.0.1, javascriptEnabled: true, moz:accessibilityChecks: false, moz:processID: 10652, moz:profile: C:\Users\DEBAJY~1\AppData\L..., pageLoadStrategy: normal, platform: XP, platformName: XP, platformVersion: 6.3, rotatable: false, specificationLevel: 0, timeouts: {implicit: 0, pageLoad: 300000, script: 30000}}&#10;Session ID: 2444fbff-6cb3-4328-bbce-46df0e1db8c4&#10;*** Element info: {Using=xpath, value=//button[@id='jsUseEntered']}&#13;&#10;&#9;at sun.reflect.NativeConstructorAccessorImpl.newInstance0(Native Method)&#13;&#10;&#9;at sun.reflect.NativeConstructorAccessorImpl.newInstance(NativeConstructorAccessorImpl.java:62)&#13;&#10;&#9;at sun.reflect.DelegatingConstructorAccessorImpl.newInstance(DelegatingConstructorAccessorImpl.java:45)&#13;&#10;&#9;at java.lang.reflect.Constructor.newInstance(Constructor.java:423)&#13;&#10;&#9;at org.openqa.selenium.remote.http.W3CHttpResponseCodec.createException(W3CHttpResponseCodec.java:187)&#13;&#10;&#9;at org.openqa.selenium.remote.http.W3CHttpResponseCodec.decode(W3CHttpResponseCodec.java:122)&#13;&#10;&#9;at org.openqa.selenium.remote.http.W3CHttpResponseCodec.decode(W3CHttpResponseCodec.java:49)&#13;&#10;&#9;at org.openqa.selenium.remote.HttpCommandExecutor.execute(HttpCommandExecutor.java:164)&#13;&#10;&#9;at org.openqa.selenium.remote.service.DriverCommandExecutor.execute(DriverCommandExecutor.java:83)&#13;&#10;&#9;at org.openqa.selenium.remote.RemoteWebDriver.execute(RemoteWebDriver.java:601)&#13;&#10;&#9;at org.openqa.selenium.remote.RemoteWebDriver.findElement(RemoteWebDriver.java:371)&#13;&#10;&#9;at org.openqa.selenium.remote.RemoteWebDriver.findElementByXPath(RemoteWebDriver.java:473)&#13;&#10;&#9;at org.openqa.selenium.By$ByXPath.findElement(By.java:361)&#13;&#10;&#9;at org.openqa.selenium.remote.RemoteWebDriver.findElement(RemoteWebDriver.java:363)&#13;&#10;&#9;at com.lordAndTaylor.qa.framework.controller.CheckoutController.clickCheckout(CheckoutController.java:70)&#13;&#10;&#9;at com.lordAndTaylor.qa.scripts.steps.CheckoutSteps.click_the_Continue_Checkout_button(CheckoutSteps.java:41)&#13;&#10;&#9;at ✽.And Click the Continue Checkout button(checkoutFunctionality.feature:51)&#13;&#10;"><![CDATA[Given Not a validated checkout Functionality................................passed
When User browse to the site................................................passed
And Closes the Popup window.................................................passed
Then Lord and Taylor Homepage should display................................passed
When User hover over the men section in navigation bar......................passed
And User click on the Nike Link.............................................passed
Then Nike products page should display......................................passed
When User click on Nike Hydroguard Mica Top product image...................passed
Then Hydroguard Mica Top Product page should display........................passed
When User click on "Mica Blue" color option.................................passed
And Selects Large as the size...............................................passed
And Click on Add To Bag Button..............................................passed
When User click on the View My Bag button...................................passed
And Click on the checkout button............................................passed
And click on the checkout as guest button...................................passed
Then Shipping and billing page should display...............................passed
When User enter Shipping details as.........................................passed
And Click the Continue Checkout button......................................failed
And Click on the use address as entered button..............................skipped
And Click on the payment dropdown in the payments section...................skipped
Then User should see the following payment options..........................skipped

StackTrace:
org.openqa.selenium.NoSuchElementException: Unable to locate element: //button[@id='jsUseEntered']
For documentation on this error, please visit: http://seleniumhq.org/exceptions/no_such_element.html
Build info: version: '3.8.1', revision: '6e95a6684b', time: '2017-12-01T18:33:54.468Z'
System info: host: 'DEBAJYOTI', ip: '192.168.1.209', os.name: 'Windows 8.1', os.arch: 'amd64', os.version: '6.3', java.version: '1.8.0_111'
Driver info: org.openqa.selenium.firefox.FirefoxDriver
Capabilities {acceptInsecureCerts: true, browserName: firefox, browserVersion: 54.0.1, javascriptEnabled: true, moz:accessibilityChecks: false, moz:processID: 10652, moz:profile: C:\Users\DEBAJY~1\AppData\L..., pageLoadStrategy: normal, platform: XP, platformName: XP, platformVersion: 6.3, rotatable: false, specificationLevel: 0, timeouts: {implicit: 0, pageLoad: 300000, script: 30000}}
Session ID: 2444fbff-6cb3-4328-bbce-46df0e1db8c4
*** Element info: {Using=xpath, value=//button[@id='jsUseEntered']}
	at sun.reflect.NativeConstructorAccessorImpl.newInstance0(Native Method)
	at sun.reflect.NativeConstructorAccessorImpl.newInstance(NativeConstructorAccessorImpl.java:62)
	at sun.reflect.DelegatingConstructorAccessorImpl.newInstance(DelegatingConstructorAccessorImpl.java:45)
	at java.lang.reflect.Constructor.newInstance(Constructor.java:423)
	at org.openqa.selenium.remote.http.W3CHttpResponseCodec.createException(W3CHttpResponseCodec.java:187)
	at org.openqa.selenium.remote.http.W3CHttpResponseCodec.decode(W3CHttpResponseCodec.java:122)
	at org.openqa.selenium.remote.http.W3CHttpResponseCodec.decode(W3CHttpResponseCodec.java:49)
	at org.openqa.selenium.remote.HttpCommandExecutor.execute(HttpCommandExecutor.java:164)
	at org.openqa.selenium.remote.service.DriverCommandExecutor.execute(DriverCommandExecutor.java:83)
	at org.openqa.selenium.remote.RemoteWebDriver.execute(RemoteWebDriver.java:601)
	at org.openqa.selenium.remote.RemoteWebDriver.findElement(RemoteWebDriver.java:371)
	at org.openqa.selenium.remote.RemoteWebDriver.findElementByXPath(RemoteWebDriver.java:473)
	at org.openqa.selenium.By$ByXPath.findElement(By.java:361)
	at org.openqa.selenium.remote.RemoteWebDriver.findElement(RemoteWebDriver.java:363)
	at com.lordAndTaylor.qa.framework.controller.CheckoutController.clickCheckout(CheckoutController.java:70)
	at com.lordAndTaylor.qa.scripts.steps.CheckoutSteps.click_the_Continue_Checkout_button(CheckoutSteps.java:41)
	at ✽.And Click the Continue Checkout button(checkoutFunctionality.feature:51)
]]></failure>
</testcase>
<testcase classname="Lord and Taylor Checkout Functionality" name="6. Verify the Error Message for an invalid credit card" time="26.484968">
<failure message="org.openqa.selenium.NoSuchElementException: Unable to locate element: //div[@id='close-button']&#10;For documentation on this error, please visit: http://seleniumhq.org/exceptions/no_such_element.html&#10;Build info: version: '3.8.1', revision: '6e95a6684b', time: '2017-12-01T18:33:54.468Z'&#10;System info: host: 'DEBAJYOTI', ip: '192.168.1.209', os.name: 'Windows 8.1', os.arch: 'amd64', os.version: '6.3', java.version: '1.8.0_111'&#10;Driver info: org.openqa.selenium.firefox.FirefoxDriver&#10;Capabilities {acceptInsecureCerts: true, browserName: firefox, browserVersion: 54.0.1, javascriptEnabled: true, moz:accessibilityChecks: false, moz:processID: 9140, moz:profile: C:\Users\DEBAJY~1\AppData\L..., pageLoadStrategy: normal, platform: XP, platformName: XP, platformVersion: 6.3, rotatable: false, specificationLevel: 0, timeouts: {implicit: 0, pageLoad: 300000, script: 30000}}&#10;Session ID: d4316e7f-b54e-4f11-ae4a-909f05d41cc1&#10;*** Element info: {Using=xpath, value=//div[@id='close-button']}&#13;&#10;&#9;at sun.reflect.NativeConstructorAccessorImpl.newInstance0(Native Method)&#13;&#10;&#9;at sun.reflect.NativeConstructorAccessorImpl.newInstance(NativeConstructorAccessorImpl.java:62)&#13;&#10;&#9;at sun.reflect.DelegatingConstructorAccessorImpl.newInstance(DelegatingConstructorAccessorImpl.java:45)&#13;&#10;&#9;at java.lang.reflect.Constructor.newInstance(Constructor.java:423)&#13;&#10;&#9;at org.openqa.selenium.remote.http.W3CHttpResponseCodec.createException(W3CHttpResponseCodec.java:187)&#13;&#10;&#9;at org.openqa.selenium.remote.http.W3CHttpResponseCodec.decode(W3CHttpResponseCodec.java:122)&#13;&#10;&#9;at org.openqa.selenium.remote.http.W3CHttpResponseCodec.decode(W3CHttpResponseCodec.java:49)&#13;&#10;&#9;at org.openqa.selenium.remote.HttpCommandExecutor.execute(HttpCommandExecutor.java:164)&#13;&#10;&#9;at org.openqa.selenium.remote.service.DriverCommandExecutor.execute(DriverCommandExecutor.java:83)&#13;&#10;&#9;at org.openqa.selenium.remote.RemoteWebDriver.execute(RemoteWebDriver.java:601)&#13;&#10;&#9;at org.openqa.selenium.remote.RemoteWebDriver.findElement(RemoteWebDriver.java:371)&#13;&#10;&#9;at org.openqa.selenium.remote.RemoteWebDriver.findElementByXPath(RemoteWebDriver.java:473)&#13;&#10;&#9;at org.openqa.selenium.By$ByXPath.findElement(By.java:361)&#13;&#10;&#9;at org.openqa.selenium.remote.RemoteWebDriver.findElement(RemoteWebDriver.java:363)&#13;&#10;&#9;at com.lordAndTaylor.qa.framework.controller.PageBaseMethods.clickElement(PageBaseMethods.java:63)&#13;&#10;&#9;at com.lordAndTaylor.qa.framework.controller.HomePageController.closeEmailPopUp(HomePageController.java:33)&#13;&#10;&#9;at com.lordAndTaylor.qa.scripts.steps.HomePageSteps.closes_the_Popup_window(HomePageSteps.java:13)&#13;&#10;&#9;at ✽.And Closes the Popup window(checkoutFunctionality.feature:6)&#13;&#10;"><![CDATA[Given Not a validated checkout Functionality................................passed
When User browse to the site................................................passed
And Closes the Popup window.................................................failed
Then Lord and Taylor Homepage should display................................skipped
When User hover over the men section in navigation bar......................skipped
And User click on the Nike Link.............................................skipped
Then Nike products page should display......................................skipped
When User click on Nike Hydroguard Mica Top product image...................skipped
Then Hydroguard Mica Top Product page should display........................skipped
When User click on "Mica Blue" color option.................................skipped
And Selects Large as the size...............................................skipped
And Click on Add To Bag Button..............................................skipped
When User click on the View My Bag button...................................skipped
And Click on the checkout button............................................skipped
And click on the checkout as guest button...................................skipped
Then Shipping and billing page should display...............................skipped
When User enter Shipping details as.........................................skipped
And Click the Continue Checkout button......................................skipped
And Click on the use address as entered button..............................skipped
And Click on the payment dropdown in the payments section...................skipped
And User selects "Visa" as the payment type.................................skipped
And Provides the following card information.................................skipped
And Click the continue Checkout.............................................skipped
Then User should see Invalid card error message.............................skipped

StackTrace:
org.openqa.selenium.NoSuchElementException: Unable to locate element: //div[@id='close-button']
For documentation on this error, please visit: http://seleniumhq.org/exceptions/no_such_element.html
Build info: version: '3.8.1', revision: '6e95a6684b', time: '2017-12-01T18:33:54.468Z'
System info: host: 'DEBAJYOTI', ip: '192.168.1.209', os.name: 'Windows 8.1', os.arch: 'amd64', os.version: '6.3', java.version: '1.8.0_111'
Driver info: org.openqa.selenium.firefox.FirefoxDriver
Capabilities {acceptInsecureCerts: true, browserName: firefox, browserVersion: 54.0.1, javascriptEnabled: true, moz:accessibilityChecks: false, moz:processID: 9140, moz:profile: C:\Users\DEBAJY~1\AppData\L..., pageLoadStrategy: normal, platform: XP, platformName: XP, platformVersion: 6.3, rotatable: false, specificationLevel: 0, timeouts: {implicit: 0, pageLoad: 300000, script: 30000}}
Session ID: d4316e7f-b54e-4f11-ae4a-909f05d41cc1
*** Element info: {Using=xpath, value=//div[@id='close-button']}
	at sun.reflect.NativeConstructorAccessorImpl.newInstance0(Native Method)
	at sun.reflect.NativeConstructorAccessorImpl.newInstance(NativeConstructorAccessorImpl.java:62)
	at sun.reflect.DelegatingConstructorAccessorImpl.newInstance(DelegatingConstructorAccessorImpl.java:45)
	at java.lang.reflect.Constructor.newInstance(Constructor.java:423)
	at org.openqa.selenium.remote.http.W3CHttpResponseCodec.createException(W3CHttpResponseCodec.java:187)
	at org.openqa.selenium.remote.http.W3CHttpResponseCodec.decode(W3CHttpResponseCodec.java:122)
	at org.openqa.selenium.remote.http.W3CHttpResponseCodec.decode(W3CHttpResponseCodec.java:49)
	at org.openqa.selenium.remote.HttpCommandExecutor.execute(HttpCommandExecutor.java:164)
	at org.openqa.selenium.remote.service.DriverCommandExecutor.execute(DriverCommandExecutor.java:83)
	at org.openqa.selenium.remote.RemoteWebDriver.execute(RemoteWebDriver.java:601)
	at org.openqa.selenium.remote.RemoteWebDriver.findElement(RemoteWebDriver.java:371)
	at org.openqa.selenium.remote.RemoteWebDriver.findElementByXPath(RemoteWebDriver.java:473)
	at org.openqa.selenium.By$ByXPath.findElement(By.java:361)
	at org.openqa.selenium.remote.RemoteWebDriver.findElement(RemoteWebDriver.java:363)
	at com.lordAndTaylor.qa.framework.controller.PageBaseMethods.clickElement(PageBaseMethods.java:63)
	at com.lordAndTaylor.qa.framework.controller.HomePageController.closeEmailPopUp(HomePageController.java:33)
	at com.lordAndTaylor.qa.scripts.steps.HomePageSteps.closes_the_Popup_window(HomePageSteps.java:13)
	at ✽.And Closes the Popup window(checkoutFunctionality.feature:6)
]]></failure>
</testcase>
<testcase classname="Lord and Taylor Header and Footer Section Functionality" name="1. Verify that Navigation Bar Menu Links are not broken" time="73.754295">
<system-out><![CDATA[Given Not a validated Header and Footer section.............................passed
When User browse to the site................................................passed
And Closes the Popup window.................................................passed
Then Lord and Taylor Homepage should display................................passed
Then User should have all links under Dresses Section in proper working order.passed
]]></system-out>
</testcase>
<testcase classname="Lord and Taylor Header and Footer Section Functionality" name="3. Verify that all the options of navigation bar are displayed" time="16.239306">
<system-out><![CDATA[Given Not a validated Header and Footer section.............................passed
When User browse to the site................................................passed
And Closes the Popup window.................................................passed
Then Lord and Taylor Homepage should display................................passed
Then User should see all the options of navigation bar in capital letters as.passed
]]></system-out>
</testcase>
<testcase classname="Lord and Taylor Header and Footer Section Functionality" name="10. Verify the Link Header texts in the footer section are displayed as per business requirements" time="26.294243">
<failure message="org.openqa.selenium.NoSuchElementException: Unable to locate element: //div[@id='close-button']&#10;For documentation on this error, please visit: http://seleniumhq.org/exceptions/no_such_element.html&#10;Build info: version: '3.8.1', revision: '6e95a6684b', time: '2017-12-01T18:33:54.468Z'&#10;System info: host: 'DEBAJYOTI', ip: '192.168.1.209', os.name: 'Windows 8.1', os.arch: 'amd64', os.version: '6.3', java.version: '1.8.0_111'&#10;Driver info: org.openqa.selenium.firefox.FirefoxDriver&#10;Capabilities {acceptInsecureCerts: true, browserName: firefox, browserVersion: 54.0.1, javascriptEnabled: true, moz:accessibilityChecks: false, moz:processID: 972, moz:profile: C:\Users\DEBAJY~1\AppData\L..., pageLoadStrategy: normal, platform: XP, platformName: XP, platformVersion: 6.3, rotatable: false, specificationLevel: 0, timeouts: {implicit: 0, pageLoad: 300000, script: 30000}}&#10;Session ID: 194aac25-d0a6-42c3-96bf-a833ddb04ca7&#10;*** Element info: {Using=xpath, value=//div[@id='close-button']}&#13;&#10;&#9;at sun.reflect.NativeConstructorAccessorImpl.newInstance0(Native Method)&#13;&#10;&#9;at sun.reflect.NativeConstructorAccessorImpl.newInstance(NativeConstructorAccessorImpl.java:62)&#13;&#10;&#9;at sun.reflect.DelegatingConstructorAccessorImpl.newInstance(DelegatingConstructorAccessorImpl.java:45)&#13;&#10;&#9;at java.lang.reflect.Constructor.newInstance(Constructor.java:423)&#13;&#10;&#9;at org.openqa.selenium.remote.http.W3CHttpResponseCodec.createException(W3CHttpResponseCodec.java:187)&#13;&#10;&#9;at org.openqa.selenium.remote.http.W3CHttpResponseCodec.decode(W3CHttpResponseCodec.java:122)&#13;&#10;&#9;at org.openqa.selenium.remote.http.W3CHttpResponseCodec.decode(W3CHttpResponseCodec.java:49)&#13;&#10;&#9;at org.openqa.selenium.remote.HttpCommandExecutor.execute(HttpCommandExecutor.java:164)&#13;&#10;&#9;at org.openqa.selenium.remote.service.DriverCommandExecutor.execute(DriverCommandExecutor.java:83)&#13;&#10;&#9;at org.openqa.selenium.remote.RemoteWebDriver.execute(RemoteWebDriver.java:601)&#13;&#10;&#9;at org.openqa.selenium.remote.RemoteWebDriver.findElement(RemoteWebDriver.java:371)&#13;&#10;&#9;at org.openqa.selenium.remote.RemoteWebDriver.findElementByXPath(RemoteWebDriver.java:473)&#13;&#10;&#9;at org.openqa.selenium.By$ByXPath.findElement(By.java:361)&#13;&#10;&#9;at org.openqa.selenium.remote.RemoteWebDriver.findElement(RemoteWebDriver.java:363)&#13;&#10;&#9;at com.lordAndTaylor.qa.framework.controller.PageBaseMethods.clickElement(PageBaseMethods.java:63)&#13;&#10;&#9;at com.lordAndTaylor.qa.framework.controller.HomePageController.closeEmailPopUp(HomePageController.java:33)&#13;&#10;&#9;at com.lordAndTaylor.qa.scripts.steps.HomePageSteps.closes_the_Popup_window(HomePageSteps.java:13)&#13;&#10;&#9;at ✽.And Closes the Popup window(headerFooterFunctionality.feature:6)&#13;&#10;"><![CDATA[Given Not a validated Header and Footer section.............................passed
When User browse to the site................................................passed
And Closes the Popup window.................................................failed
Then Lord and Taylor Homepage should display................................skipped
Then User should see the following options under Shop Lord and Taylor.......skipped
And User should see the following options under Stores and Corporate........skipped
And User should see the following options under Shipping and Returns........skipped
And User should see the following options under Lord and Taylor Credit......skipped

StackTrace:
org.openqa.selenium.NoSuchElementException: Unable to locate element: //div[@id='close-button']
For documentation on this error, please visit: http://seleniumhq.org/exceptions/no_such_element.html
Build info: version: '3.8.1', revision: '6e95a6684b', time: '2017-12-01T18:33:54.468Z'
System info: host: 'DEBAJYOTI', ip: '192.168.1.209', os.name: 'Windows 8.1', os.arch: 'amd64', os.version: '6.3', java.version: '1.8.0_111'
Driver info: org.openqa.selenium.firefox.FirefoxDriver
Capabilities {acceptInsecureCerts: true, browserName: firefox, browserVersion: 54.0.1, javascriptEnabled: true, moz:accessibilityChecks: false, moz:processID: 972, moz:profile: C:\Users\DEBAJY~1\AppData\L..., pageLoadStrategy: normal, platform: XP, platformName: XP, platformVersion: 6.3, rotatable: false, specificationLevel: 0, timeouts: {implicit: 0, pageLoad: 300000, script: 30000}}
Session ID: 194aac25-d0a6-42c3-96bf-a833ddb04ca7
*** Element info: {Using=xpath, value=//div[@id='close-button']}
	at sun.reflect.NativeConstructorAccessorImpl.newInstance0(Native Method)
	at sun.reflect.NativeConstructorAccessorImpl.newInstance(NativeConstructorAccessorImpl.java:62)
	at sun.reflect.DelegatingConstructorAccessorImpl.newInstance(DelegatingConstructorAccessorImpl.java:45)
	at java.lang.reflect.Constructor.newInstance(Constructor.java:423)
	at org.openqa.selenium.remote.http.W3CHttpResponseCodec.createException(W3CHttpResponseCodec.java:187)
	at org.openqa.selenium.remote.http.W3CHttpResponseCodec.decode(W3CHttpResponseCodec.java:122)
	at org.openqa.selenium.remote.http.W3CHttpResponseCodec.decode(W3CHttpResponseCodec.java:49)
	at org.openqa.selenium.remote.HttpCommandExecutor.execute(HttpCommandExecutor.java:164)
	at org.openqa.selenium.remote.service.DriverCommandExecutor.execute(DriverCommandExecutor.java:83)
	at org.openqa.selenium.remote.RemoteWebDriver.execute(RemoteWebDriver.java:601)
	at org.openqa.selenium.remote.RemoteWebDriver.findElement(RemoteWebDriver.java:371)
	at org.openqa.selenium.remote.RemoteWebDriver.findElementByXPath(RemoteWebDriver.java:473)
	at org.openqa.selenium.By$ByXPath.findElement(By.java:361)
	at org.openqa.selenium.remote.RemoteWebDriver.findElement(RemoteWebDriver.java:363)
	at com.lordAndTaylor.qa.framework.controller.PageBaseMethods.clickElement(PageBaseMethods.java:63)
	at com.lordAndTaylor.qa.framework.controller.HomePageController.closeEmailPopUp(HomePageController.java:33)
	at com.lordAndTaylor.qa.scripts.steps.HomePageSteps.closes_the_Popup_window(HomePageSteps.java:13)
	at ✽.And Closes the Popup window(headerFooterFunctionality.feature:6)
]]></failure>
</testcase>
<testcase classname="Lord and Taylor Header and Footer Section Functionality" name="1. Verify that Navigation Bar Menu Links are not broken" time="83.348287">
<system-out><![CDATA[Given Not a validated Header and Footer section.............................passed
When User browse to the site................................................passed
And Closes the Popup window.................................................passed
Then Lord and Taylor Homepage should display................................passed
Then User should have all links under Dresses Section in proper working order.passed
]]></system-out>
</testcase>
<testcase classname="Lord and Taylor Header and Footer Section Functionality" name="3. Verify that all the options of navigation bar are displayed" time="18.765445">
<system-out><![CDATA[Given Not a validated Header and Footer section.............................passed
When User browse to the site................................................passed
And Closes the Popup window.................................................passed
Then Lord and Taylor Homepage should display................................passed
Then User should see all the options of navigation bar in capital letters as.passed
]]></system-out>
</testcase>
<testcase classname="Lord and Taylor Header and Footer Section Functionality" name="10. Verify the Link Header texts in the footer section are displayed as per business requirements" time="28.300961">
<failure message="org.openqa.selenium.NoSuchElementException: Unable to locate element: //div[@id='close-button']&#10;For documentation on this error, please visit: http://seleniumhq.org/exceptions/no_such_element.html&#10;Build info: version: '3.8.1', revision: '6e95a6684b', time: '2017-12-01T18:33:54.468Z'&#10;System info: host: 'DEBAJYOTI', ip: '192.168.1.209', os.name: 'Windows 8.1', os.arch: 'amd64', os.version: '6.3', java.version: '1.8.0_111'&#10;Driver info: org.openqa.selenium.firefox.FirefoxDriver&#10;Capabilities {acceptInsecureCerts: true, browserName: firefox, browserVersion: 54.0.1, javascriptEnabled: true, moz:accessibilityChecks: false, moz:processID: 6620, moz:profile: C:\Users\DEBAJY~1\AppData\L..., pageLoadStrategy: normal, platform: XP, platformName: XP, platformVersion: 6.3, rotatable: false, specificationLevel: 0, timeouts: {implicit: 0, pageLoad: 300000, script: 30000}}&#10;Session ID: 11e3e0c5-b9e6-409d-8afb-89298d1d641e&#10;*** Element info: {Using=xpath, value=//div[@id='close-button']}&#13;&#10;&#9;at sun.reflect.NativeConstructorAccessorImpl.newInstance0(Native Method)&#13;&#10;&#9;at sun.reflect.NativeConstructorAccessorImpl.newInstance(NativeConstructorAccessorImpl.java:62)&#13;&#10;&#9;at sun.reflect.DelegatingConstructorAccessorImpl.newInstance(DelegatingConstructorAccessorImpl.java:45)&#13;&#10;&#9;at java.lang.reflect.Constructor.newInstance(Constructor.java:423)&#13;&#10;&#9;at org.openqa.selenium.remote.http.W3CHttpResponseCodec.createException(W3CHttpResponseCodec.java:187)&#13;&#10;&#9;at org.openqa.selenium.remote.http.W3CHttpResponseCodec.decode(W3CHttpResponseCodec.java:122)&#13;&#10;&#9;at org.openqa.selenium.remote.http.W3CHttpResponseCodec.decode(W3CHttpResponseCodec.java:49)&#13;&#10;&#9;at org.openqa.selenium.remote.HttpCommandExecutor.execute(HttpCommandExecutor.java:164)&#13;&#10;&#9;at org.openqa.selenium.remote.service.DriverCommandExecutor.execute(DriverCommandExecutor.java:83)&#13;&#10;&#9;at org.openqa.selenium.remote.RemoteWebDriver.execute(RemoteWebDriver.java:601)&#13;&#10;&#9;at org.openqa.selenium.remote.RemoteWebDriver.findElement(RemoteWebDriver.java:371)&#13;&#10;&#9;at org.openqa.selenium.remote.RemoteWebDriver.findElementByXPath(RemoteWebDriver.java:473)&#13;&#10;&#9;at org.openqa.selenium.By$ByXPath.findElement(By.java:361)&#13;&#10;&#9;at org.openqa.selenium.remote.RemoteWebDriver.findElement(RemoteWebDriver.java:363)&#13;&#10;&#9;at com.lordAndTaylor.qa.framework.controller.PageBaseMethods.clickElement(PageBaseMethods.java:63)&#13;&#10;&#9;at com.lordAndTaylor.qa.framework.controller.HomePageController.closeEmailPopUp(HomePageController.java:33)&#13;&#10;&#9;at com.lordAndTaylor.qa.scripts.steps.HomePageSteps.closes_the_Popup_window(HomePageSteps.java:13)&#13;&#10;&#9;at ✽.And Closes the Popup window(headerFooterFunctionality.feature:6)&#13;&#10;"><![CDATA[Given Not a validated Header and Footer section.............................passed
When User browse to the site................................................passed
And Closes the Popup window.................................................failed
Then Lord and Taylor Homepage should display................................skipped
Then User should see the following options under Shop Lord and Taylor.......skipped
And User should see the following options under Stores and Corporate........skipped
And User should see the following options under Shipping and Returns........skipped
And User should see the following options under Lord and Taylor Credit......skipped

StackTrace:
org.openqa.selenium.NoSuchElementException: Unable to locate element: //div[@id='close-button']
For documentation on this error, please visit: http://seleniumhq.org/exceptions/no_such_element.html
Build info: version: '3.8.1', revision: '6e95a6684b', time: '2017-12-01T18:33:54.468Z'
System info: host: 'DEBAJYOTI', ip: '192.168.1.209', os.name: 'Windows 8.1', os.arch: 'amd64', os.version: '6.3', java.version: '1.8.0_111'
Driver info: org.openqa.selenium.firefox.FirefoxDriver
Capabilities {acceptInsecureCerts: true, browserName: firefox, browserVersion: 54.0.1, javascriptEnabled: true, moz:accessibilityChecks: false, moz:processID: 6620, moz:profile: C:\Users\DEBAJY~1\AppData\L..., pageLoadStrategy: normal, platform: XP, platformName: XP, platformVersion: 6.3, rotatable: false, specificationLevel: 0, timeouts: {implicit: 0, pageLoad: 300000, script: 30000}}
Session ID: 11e3e0c5-b9e6-409d-8afb-89298d1d641e
*** Element info: {Using=xpath, value=//div[@id='close-button']}
	at sun.reflect.NativeConstructorAccessorImpl.newInstance0(Native Method)
	at sun.reflect.NativeConstructorAccessorImpl.newInstance(NativeConstructorAccessorImpl.java:62)
	at sun.reflect.DelegatingConstructorAccessorImpl.newInstance(DelegatingConstructorAccessorImpl.java:45)
	at java.lang.reflect.Constructor.newInstance(Constructor.java:423)
	at org.openqa.selenium.remote.http.W3CHttpResponseCodec.createException(W3CHttpResponseCodec.java:187)
	at org.openqa.selenium.remote.http.W3CHttpResponseCodec.decode(W3CHttpResponseCodec.java:122)
	at org.openqa.selenium.remote.http.W3CHttpResponseCodec.decode(W3CHttpResponseCodec.java:49)
	at org.openqa.selenium.remote.HttpCommandExecutor.execute(HttpCommandExecutor.java:164)
	at org.openqa.selenium.remote.service.DriverCommandExecutor.execute(DriverCommandExecutor.java:83)
	at org.openqa.selenium.remote.RemoteWebDriver.execute(RemoteWebDriver.java:601)
	at org.openqa.selenium.remote.RemoteWebDriver.findElement(RemoteWebDriver.java:371)
	at org.openqa.selenium.remote.RemoteWebDriver.findElementByXPath(RemoteWebDriver.java:473)
	at org.openqa.selenium.By$ByXPath.findElement(By.java:361)
	at org.openqa.selenium.remote.RemoteWebDriver.findElement(RemoteWebDriver.java:363)
	at com.lordAndTaylor.qa.framework.controller.PageBaseMethods.clickElement(PageBaseMethods.java:63)
	at com.lordAndTaylor.qa.framework.controller.HomePageController.closeEmailPopUp(HomePageController.java:33)
	at com.lordAndTaylor.qa.scripts.steps.HomePageSteps.closes_the_Popup_window(HomePageSteps.java:13)
	at ✽.And Closes the Popup window(headerFooterFunctionality.feature:6)
]]></failure>
</testcase>
<testcase classname="Lord and Taylor Homepage Functionality" name="1. Verify all the Homepage Image Links aren't broken" time="27.886561">
<system-out><![CDATA[Given Not a validated homepage..............................................passed
When User browse to the site................................................passed
And Closes the Popup window.................................................passed
Then Lord and Taylor Homepage should display................................passed
Then User should get all the image links in proper working order............passed
]]></system-out>
</testcase>
<testcase classname="Lord and Taylor Homepage Functionality" name="2. Verify that clicking the Father's day gift guide link navigates to the appropriate page" time="25.142919">
<system-out><![CDATA[Given Not a validated homepage..............................................passed
When User browse to the site................................................passed
And Closes the Popup window.................................................passed
Then Lord and Taylor Homepage should display................................passed
When User clicks the Father's day gift guide link...........................passed
Then Father's Day Gift Guide page should display............................passed
]]></system-out>
</testcase>
<testcase classname="Lord and Taylor Homepage Functionality" name="4. Verify the exact discount percentage for the third advertisement banner" time="18.431235">
<system-out><![CDATA[Given Not a validated homepage..............................................passed
When User browse to the site................................................passed
And Closes the Popup window.................................................passed
Then Lord and Taylor Homepage should display................................passed
Then User should see the exact discount of the third advertisement banner...passed
]]></system-out>
</testcase>
<testcase classname="Lord and Taylor International Shipping Functionality" name="3. Verify switching to another country changes shows product price in the currency which is chosen" time="81.868925">
<failure message="java.lang.AssertionError: &#10;Expected: a string containing &quot;INR&quot;&#10;     but: was &quot;$38.00&quot;&#13;&#10;&#9;at org.hamcrest.MatcherAssert.assertThat(MatcherAssert.java:20)&#13;&#10;&#9;at org.hamcrest.MatcherAssert.assertThat(MatcherAssert.java:8)&#13;&#10;&#9;at com.lordAndTaylor.qa.framework.controller.InternationalShippingController.verifyProductPriceCurrency(InternationalShippingController.java:97)&#13;&#10;&#9;at com.lordAndTaylor.qa.scripts.steps.InternationalShippingSteps.user_should_see_the_price_of_the_products_in_Indian_Rupee(InternationalShippingSteps.java:69)&#13;&#10;&#9;at ✽.And User should see the price of the products in Indian Rupee(internationalShipping.feature:32)&#13;&#10;"><![CDATA[Given Not a validated ship to other country functionality...................passed
When User browse to the site................................................passed
And Closes the Popup window.................................................passed
Then Lord and Taylor Homepage should display................................passed
When User click on ship to country link.....................................passed
Then International Shipping page should display.............................passed
When User selects the country as "India"....................................passed
And User selects the currency as "Indian Rupee".............................passed
And User click on the international shipping save and continue button.......passed
And User closes the pop up window...........................................passed
When User hover over the men section in navigation bar......................passed
And User click on the Nike Link.............................................passed
Then Nike products page should display......................................passed
And User should see the price of the products in Indian Rupee...............failed

StackTrace:
java.lang.AssertionError: 
Expected: a string containing "INR"
     but: was "$38.00"
	at org.hamcrest.MatcherAssert.assertThat(MatcherAssert.java:20)
	at org.hamcrest.MatcherAssert.assertThat(MatcherAssert.java:8)
	at com.lordAndTaylor.qa.framework.controller.InternationalShippingController.verifyProductPriceCurrency(InternationalShippingController.java:97)
	at com.lordAndTaylor.qa.scripts.steps.InternationalShippingSteps.user_should_see_the_price_of_the_products_in_Indian_Rupee(InternationalShippingSteps.java:69)
	at ✽.And User should see the price of the products in Indian Rupee(internationalShipping.feature:32)
]]></failure>
</testcase>
<testcase classname="Lord and Taylor International Shipping Functionality" name="4. Verify the notice in the international shipping page" time="29.491352">
<system-out><![CDATA[Given Not a validated ship to other country functionality...................passed
When User browse to the site................................................passed
And Closes the Popup window.................................................passed
Then Lord and Taylor Homepage should display................................passed
When User click on ship to country link.....................................passed
Then International Shipping page should display.............................passed
When User selects the country as "India"....................................passed
And User selects the currency as "Indian Rupee".............................passed
Then User should see the following notice...................................passed
]]></system-out>
</testcase>
<testcase classname="Lord and Taylor International Shipping Functionality" name="3. Verify switching to another country changes shows product price in the currency which is chosen" time="75.49213">
<failure message="java.lang.AssertionError: &#10;Expected: a string containing &quot;INR&quot;&#10;     but: was &quot;$38.00&quot;&#13;&#10;&#9;at org.hamcrest.MatcherAssert.assertThat(MatcherAssert.java:20)&#13;&#10;&#9;at org.hamcrest.MatcherAssert.assertThat(MatcherAssert.java:8)&#13;&#10;&#9;at com.lordAndTaylor.qa.framework.controller.InternationalShippingController.verifyProductPriceCurrency(InternationalShippingController.java:97)&#13;&#10;&#9;at com.lordAndTaylor.qa.scripts.steps.InternationalShippingSteps.user_should_see_the_price_of_the_products_in_Indian_Rupee(InternationalShippingSteps.java:69)&#13;&#10;&#9;at ✽.And User should see the price of the products in Indian Rupee(internationalShipping.feature:32)&#13;&#10;"><![CDATA[Given Not a validated ship to other country functionality...................passed
When User browse to the site................................................passed
And Closes the Popup window.................................................passed
Then Lord and Taylor Homepage should display................................passed
When User click on ship to country link.....................................passed
Then International Shipping page should display.............................passed
When User selects the country as "India"....................................passed
And User selects the currency as "Indian Rupee".............................passed
And User click on the international shipping save and continue button.......passed
And User closes the pop up window...........................................passed
When User hover over the men section in navigation bar......................passed
And User click on the Nike Link.............................................passed
Then Nike products page should display......................................passed
And User should see the price of the products in Indian Rupee...............failed

StackTrace:
java.lang.AssertionError: 
Expected: a string containing "INR"
     but: was "$38.00"
	at org.hamcrest.MatcherAssert.assertThat(MatcherAssert.java:20)
	at org.hamcrest.MatcherAssert.assertThat(MatcherAssert.java:8)
	at com.lordAndTaylor.qa.framework.controller.InternationalShippingController.verifyProductPriceCurrency(InternationalShippingController.java:97)
	at com.lordAndTaylor.qa.scripts.steps.InternationalShippingSteps.user_should_see_the_price_of_the_products_in_Indian_Rupee(InternationalShippingSteps.java:69)
	at ✽.And User should see the price of the products in Indian Rupee(internationalShipping.feature:32)
]]></failure>
</testcase>
<testcase classname="Lord and Taylor International Shipping Functionality" name="4. Verify the notice in the international shipping page" time="27.227434">
<failure message="org.openqa.selenium.NoSuchElementException: Unable to locate element: //div[@id='close-button']&#10;For documentation on this error, please visit: http://seleniumhq.org/exceptions/no_such_element.html&#10;Build info: version: '3.8.1', revision: '6e95a6684b', time: '2017-12-01T18:33:54.468Z'&#10;System info: host: 'DEBAJYOTI', ip: '192.168.1.209', os.name: 'Windows 8.1', os.arch: 'amd64', os.version: '6.3', java.version: '1.8.0_111'&#10;Driver info: org.openqa.selenium.firefox.FirefoxDriver&#10;Capabilities {acceptInsecureCerts: true, browserName: firefox, browserVersion: 54.0.1, javascriptEnabled: true, moz:accessibilityChecks: false, moz:processID: 9244, moz:profile: C:\Users\DEBAJY~1\AppData\L..., pageLoadStrategy: normal, platform: XP, platformName: XP, platformVersion: 6.3, rotatable: false, specificationLevel: 0, timeouts: {implicit: 0, pageLoad: 300000, script: 30000}}&#10;Session ID: b1976cc3-2754-4716-a696-28b0514e8d05&#10;*** Element info: {Using=xpath, value=//div[@id='close-button']}&#13;&#10;&#9;at sun.reflect.NativeConstructorAccessorImpl.newInstance0(Native Method)&#13;&#10;&#9;at sun.reflect.NativeConstructorAccessorImpl.newInstance(NativeConstructorAccessorImpl.java:62)&#13;&#10;&#9;at sun.reflect.DelegatingConstructorAccessorImpl.newInstance(DelegatingConstructorAccessorImpl.java:45)&#13;&#10;&#9;at java.lang.reflect.Constructor.newInstance(Constructor.java:423)&#13;&#10;&#9;at org.openqa.selenium.remote.http.W3CHttpResponseCodec.createException(W3CHttpResponseCodec.java:187)&#13;&#10;&#9;at org.openqa.selenium.remote.http.W3CHttpResponseCodec.decode(W3CHttpResponseCodec.java:122)&#13;&#10;&#9;at org.openqa.selenium.remote.http.W3CHttpResponseCodec.decode(W3CHttpResponseCodec.java:49)&#13;&#10;&#9;at org.openqa.selenium.remote.HttpCommandExecutor.execute(HttpCommandExecutor.java:164)&#13;&#10;&#9;at org.openqa.selenium.remote.service.DriverCommandExecutor.execute(DriverCommandExecutor.java:83)&#13;&#10;&#9;at org.openqa.selenium.remote.RemoteWebDriver.execute(RemoteWebDriver.java:601)&#13;&#10;&#9;at org.openqa.selenium.remote.RemoteWebDriver.findElement(RemoteWebDriver.java:371)&#13;&#10;&#9;at org.openqa.selenium.remote.RemoteWebDriver.findElementByXPath(RemoteWebDriver.java:473)&#13;&#10;&#9;at org.openqa.selenium.By$ByXPath.findElement(By.java:361)&#13;&#10;&#9;at org.openqa.selenium.remote.RemoteWebDriver.findElement(RemoteWebDriver.java:363)&#13;&#10;&#9;at com.lordAndTaylor.qa.framework.controller.PageBaseMethods.clickElement(PageBaseMethods.java:63)&#13;&#10;&#9;at com.lordAndTaylor.qa.framework.controller.HomePageController.closeEmailPopUp(HomePageController.java:33)&#13;&#10;&#9;at com.lordAndTaylor.qa.scripts.steps.HomePageSteps.closes_the_Popup_window(HomePageSteps.java:13)&#13;&#10;&#9;at ✽.And Closes the Popup window(internationalShipping.feature:6)&#13;&#10;"><![CDATA[Given Not a validated ship to other country functionality...................passed
When User browse to the site................................................passed
And Closes the Popup window.................................................failed
Then Lord and Taylor Homepage should display................................skipped
When User click on ship to country link.....................................skipped
Then International Shipping page should display.............................skipped
When User selects the country as "India"....................................skipped
And User selects the currency as "Indian Rupee".............................skipped
Then User should see the following notice...................................skipped

StackTrace:
org.openqa.selenium.NoSuchElementException: Unable to locate element: //div[@id='close-button']
For documentation on this error, please visit: http://seleniumhq.org/exceptions/no_such_element.html
Build info: version: '3.8.1', revision: '6e95a6684b', time: '2017-12-01T18:33:54.468Z'
System info: host: 'DEBAJYOTI', ip: '192.168.1.209', os.name: 'Windows 8.1', os.arch: 'amd64', os.version: '6.3', java.version: '1.8.0_111'
Driver info: org.openqa.selenium.firefox.FirefoxDriver
Capabilities {acceptInsecureCerts: true, browserName: firefox, browserVersion: 54.0.1, javascriptEnabled: true, moz:accessibilityChecks: false, moz:processID: 9244, moz:profile: C:\Users\DEBAJY~1\AppData\L..., pageLoadStrategy: normal, platform: XP, platformName: XP, platformVersion: 6.3, rotatable: false, specificationLevel: 0, timeouts: {implicit: 0, pageLoad: 300000, script: 30000}}
Session ID: b1976cc3-2754-4716-a696-28b0514e8d05
*** Element info: {Using=xpath, value=//div[@id='close-button']}
	at sun.reflect.NativeConstructorAccessorImpl.newInstance0(Native Method)
	at sun.reflect.NativeConstructorAccessorImpl.newInstance(NativeConstructorAccessorImpl.java:62)
	at sun.reflect.DelegatingConstructorAccessorImpl.newInstance(DelegatingConstructorAccessorImpl.java:45)
	at java.lang.reflect.Constructor.newInstance(Constructor.java:423)
	at org.openqa.selenium.remote.http.W3CHttpResponseCodec.createException(W3CHttpResponseCodec.java:187)
	at org.openqa.selenium.remote.http.W3CHttpResponseCodec.decode(W3CHttpResponseCodec.java:122)
	at org.openqa.selenium.remote.http.W3CHttpResponseCodec.decode(W3CHttpResponseCodec.java:49)
	at org.openqa.selenium.remote.HttpCommandExecutor.execute(HttpCommandExecutor.java:164)
	at org.openqa.selenium.remote.service.DriverCommandExecutor.execute(DriverCommandExecutor.java:83)
	at org.openqa.selenium.remote.RemoteWebDriver.execute(RemoteWebDriver.java:601)
	at org.openqa.selenium.remote.RemoteWebDriver.findElement(RemoteWebDriver.java:371)
	at org.openqa.selenium.remote.RemoteWebDriver.findElementByXPath(RemoteWebDriver.java:473)
	at org.openqa.selenium.By$ByXPath.findElement(By.java:361)
	at org.openqa.selenium.remote.RemoteWebDriver.findElement(RemoteWebDriver.java:363)
	at com.lordAndTaylor.qa.framework.controller.PageBaseMethods.clickElement(PageBaseMethods.java:63)
	at com.lordAndTaylor.qa.framework.controller.HomePageController.closeEmailPopUp(HomePageController.java:33)
	at com.lordAndTaylor.qa.scripts.steps.HomePageSteps.closes_the_Popup_window(HomePageSteps.java:13)
	at ✽.And Closes the Popup window(internationalShipping.feature:6)
]]></failure>
</testcase>
<testcase classname="Lord and Taylor Products Page Functionality" name="2. Verify the filter navigation bar options" time="42.117844">
<system-out><![CDATA[Given Not a validated Products Page.........................................passed
When User browse to the site................................................passed
And Closes the Popup window.................................................passed
Then Lord and Taylor Homepage should display................................passed
When User hover over the men section in navigation bar......................passed
And User click on the Nike Link.............................................passed
Then Nike products page should display......................................passed
And User should see the following filter options............................passed
]]></system-out>
</testcase>
<testcase classname="Lord and Taylor Products Page Functionality" name="6. Verify the Shop by brands functionality" time="57.180871">
<failure message="org.openqa.selenium.NoSuchElementException: Unable to locate element: //h1[@id='banner-generic']&#10;For documentation on this error, please visit: http://seleniumhq.org/exceptions/no_such_element.html&#10;Build info: version: '3.8.1', revision: '6e95a6684b', time: '2017-12-01T18:33:54.468Z'&#10;System info: host: 'DEBAJYOTI', ip: '192.168.1.209', os.name: 'Windows 8.1', os.arch: 'amd64', os.version: '6.3', java.version: '1.8.0_111'&#10;Driver info: org.openqa.selenium.firefox.FirefoxDriver&#10;Capabilities {acceptInsecureCerts: true, browserName: firefox, browserVersion: 54.0.1, javascriptEnabled: true, moz:accessibilityChecks: false, moz:processID: 7376, moz:profile: C:\Users\DEBAJY~1\AppData\L..., pageLoadStrategy: normal, platform: XP, platformName: XP, platformVersion: 6.3, rotatable: false, specificationLevel: 0, timeouts: {implicit: 0, pageLoad: 300000, script: 30000}}&#10;Session ID: 869846a0-96e4-4de7-9dd5-d04dcffae28d&#10;*** Element info: {Using=xpath, value=//h1[@id='banner-generic']}&#13;&#10;&#9;at sun.reflect.NativeConstructorAccessorImpl.newInstance0(Native Method)&#13;&#10;&#9;at sun.reflect.NativeConstructorAccessorImpl.newInstance(NativeConstructorAccessorImpl.java:62)&#13;&#10;&#9;at sun.reflect.DelegatingConstructorAccessorImpl.newInstance(DelegatingConstructorAccessorImpl.java:45)&#13;&#10;&#9;at java.lang.reflect.Constructor.newInstance(Constructor.java:423)&#13;&#10;&#9;at org.openqa.selenium.remote.http.W3CHttpResponseCodec.createException(W3CHttpResponseCodec.java:187)&#13;&#10;&#9;at org.openqa.selenium.remote.http.W3CHttpResponseCodec.decode(W3CHttpResponseCodec.java:122)&#13;&#10;&#9;at org.openqa.selenium.remote.http.W3CHttpResponseCodec.decode(W3CHttpResponseCodec.java:49)&#13;&#10;&#9;at org.openqa.selenium.remote.HttpCommandExecutor.execute(HttpCommandExecutor.java:164)&#13;&#10;&#9;at org.openqa.selenium.remote.service.DriverCommandExecutor.execute(DriverCommandExecutor.java:83)&#13;&#10;&#9;at org.openqa.selenium.remote.RemoteWebDriver.execute(RemoteWebDriver.java:601)&#13;&#10;&#9;at org.openqa.selenium.remote.RemoteWebDriver.findElement(RemoteWebDriver.java:371)&#13;&#10;&#9;at org.openqa.selenium.remote.RemoteWebDriver.findElementByXPath(RemoteWebDriver.java:473)&#13;&#10;&#9;at org.openqa.selenium.By$ByXPath.findElement(By.java:361)&#13;&#10;&#9;at org.openqa.selenium.remote.RemoteWebDriver.findElement(RemoteWebDriver.java:363)&#13;&#10;&#9;at com.lordAndTaylor.qa.framework.controller.PageBaseMethods.verifyText(PageBaseMethods.java:75)&#13;&#10;&#9;at com.lordAndTaylor.qa.framework.controller.ProductsPageController.verifyBannerName(ProductsPageController.java:160)&#13;&#10;&#9;at com.lordAndTaylor.qa.scripts.steps.ProductsPageSteps.product_page_should_display(ProductsPageSteps.java:94)&#13;&#10;&#9;at ✽.Then &quot;ARAMIS&quot; product page should display(productsPageFunctionality.feature:46)&#13;&#10;"><![CDATA[Given Not a validated Products Page.........................................passed
When User browse to the site................................................passed
And Closes the Popup window.................................................passed
Then Lord and Taylor Homepage should display................................passed
When User hover over the men section in navigation bar......................passed
And User click on the Nike Link.............................................passed
Then Nike products page should display......................................passed
When User click on the Shop by brand dropdown...............................passed
And Selects "Aramis" from the dropdown......................................passed
Then "ARAMIS" product page should display...................................failed

StackTrace:
org.openqa.selenium.NoSuchElementException: Unable to locate element: //h1[@id='banner-generic']
For documentation on this error, please visit: http://seleniumhq.org/exceptions/no_such_element.html
Build info: version: '3.8.1', revision: '6e95a6684b', time: '2017-12-01T18:33:54.468Z'
System info: host: 'DEBAJYOTI', ip: '192.168.1.209', os.name: 'Windows 8.1', os.arch: 'amd64', os.version: '6.3', java.version: '1.8.0_111'
Driver info: org.openqa.selenium.firefox.FirefoxDriver
Capabilities {acceptInsecureCerts: true, browserName: firefox, browserVersion: 54.0.1, javascriptEnabled: true, moz:accessibilityChecks: false, moz:processID: 7376, moz:profile: C:\Users\DEBAJY~1\AppData\L..., pageLoadStrategy: normal, platform: XP, platformName: XP, platformVersion: 6.3, rotatable: false, specificationLevel: 0, timeouts: {implicit: 0, pageLoad: 300000, script: 30000}}
Session ID: 869846a0-96e4-4de7-9dd5-d04dcffae28d
*** Element info: {Using=xpath, value=//h1[@id='banner-generic']}
	at sun.reflect.NativeConstructorAccessorImpl.newInstance0(Native Method)
	at sun.reflect.NativeConstructorAccessorImpl.newInstance(NativeConstructorAccessorImpl.java:62)
	at sun.reflect.DelegatingConstructorAccessorImpl.newInstance(DelegatingConstructorAccessorImpl.java:45)
	at java.lang.reflect.Constructor.newInstance(Constructor.java:423)
	at org.openqa.selenium.remote.http.W3CHttpResponseCodec.createException(W3CHttpResponseCodec.java:187)
	at org.openqa.selenium.remote.http.W3CHttpResponseCodec.decode(W3CHttpResponseCodec.java:122)
	at org.openqa.selenium.remote.http.W3CHttpResponseCodec.decode(W3CHttpResponseCodec.java:49)
	at org.openqa.selenium.remote.HttpCommandExecutor.execute(HttpCommandExecutor.java:164)
	at org.openqa.selenium.remote.service.DriverCommandExecutor.execute(DriverCommandExecutor.java:83)
	at org.openqa.selenium.remote.RemoteWebDriver.execute(RemoteWebDriver.java:601)
	at org.openqa.selenium.remote.RemoteWebDriver.findElement(RemoteWebDriver.java:371)
	at org.openqa.selenium.remote.RemoteWebDriver.findElementByXPath(RemoteWebDriver.java:473)
	at org.openqa.selenium.By$ByXPath.findElement(By.java:361)
	at org.openqa.selenium.remote.RemoteWebDriver.findElement(RemoteWebDriver.java:363)
	at com.lordAndTaylor.qa.framework.controller.PageBaseMethods.verifyText(PageBaseMethods.java:75)
	at com.lordAndTaylor.qa.framework.controller.ProductsPageController.verifyBannerName(ProductsPageController.java:160)
	at com.lordAndTaylor.qa.scripts.steps.ProductsPageSteps.product_page_should_display(ProductsPageSteps.java:94)
	at ✽.Then "ARAMIS" product page should display(productsPageFunctionality.feature:46)
]]></failure>
</testcase>
<testcase classname="Lord and Taylor Products Page Functionality" name="14. Verify that quantity box has a default value of 1" time="26.316346">
<failure message="org.openqa.selenium.NoSuchElementException: Unable to locate element: //div[@id='close-button']&#10;For documentation on this error, please visit: http://seleniumhq.org/exceptions/no_such_element.html&#10;Build info: version: '3.8.1', revision: '6e95a6684b', time: '2017-12-01T18:33:54.468Z'&#10;System info: host: 'DEBAJYOTI', ip: '192.168.1.209', os.name: 'Windows 8.1', os.arch: 'amd64', os.version: '6.3', java.version: '1.8.0_111'&#10;Driver info: org.openqa.selenium.firefox.FirefoxDriver&#10;Capabilities {acceptInsecureCerts: true, browserName: firefox, browserVersion: 54.0.1, javascriptEnabled: true, moz:accessibilityChecks: false, moz:processID: 10984, moz:profile: C:\Users\DEBAJY~1\AppData\L..., pageLoadStrategy: normal, platform: XP, platformName: XP, platformVersion: 6.3, rotatable: false, specificationLevel: 0, timeouts: {implicit: 0, pageLoad: 300000, script: 30000}}&#10;Session ID: 4a2f5938-9a03-47a8-a712-bce567afdae6&#10;*** Element info: {Using=xpath, value=//div[@id='close-button']}&#13;&#10;&#9;at sun.reflect.NativeConstructorAccessorImpl.newInstance0(Native Method)&#13;&#10;&#9;at sun.reflect.NativeConstructorAccessorImpl.newInstance(NativeConstructorAccessorImpl.java:62)&#13;&#10;&#9;at sun.reflect.DelegatingConstructorAccessorImpl.newInstance(DelegatingConstructorAccessorImpl.java:45)&#13;&#10;&#9;at java.lang.reflect.Constructor.newInstance(Constructor.java:423)&#13;&#10;&#9;at org.openqa.selenium.remote.http.W3CHttpResponseCodec.createException(W3CHttpResponseCodec.java:187)&#13;&#10;&#9;at org.openqa.selenium.remote.http.W3CHttpResponseCodec.decode(W3CHttpResponseCodec.java:122)&#13;&#10;&#9;at org.openqa.selenium.remote.http.W3CHttpResponseCodec.decode(W3CHttpResponseCodec.java:49)&#13;&#10;&#9;at org.openqa.selenium.remote.HttpCommandExecutor.execute(HttpCommandExecutor.java:164)&#13;&#10;&#9;at org.openqa.selenium.remote.service.DriverCommandExecutor.execute(DriverCommandExecutor.java:83)&#13;&#10;&#9;at org.openqa.selenium.remote.RemoteWebDriver.execute(RemoteWebDriver.java:601)&#13;&#10;&#9;at org.openqa.selenium.remote.RemoteWebDriver.findElement(RemoteWebDriver.java:371)&#13;&#10;&#9;at org.openqa.selenium.remote.RemoteWebDriver.findElementByXPath(RemoteWebDriver.java:473)&#13;&#10;&#9;at org.openqa.selenium.By$ByXPath.findElement(By.java:361)&#13;&#10;&#9;at org.openqa.selenium.remote.RemoteWebDriver.findElement(RemoteWebDriver.java:363)&#13;&#10;&#9;at com.lordAndTaylor.qa.framework.controller.PageBaseMethods.clickElement(PageBaseMethods.java:63)&#13;&#10;&#9;at com.lordAndTaylor.qa.framework.controller.HomePageController.closeEmailPopUp(HomePageController.java:33)&#13;&#10;&#9;at com.lordAndTaylor.qa.scripts.steps.HomePageSteps.closes_the_Popup_window(HomePageSteps.java:13)&#13;&#10;&#9;at ✽.And Closes the Popup window(productsPageFunctionality.feature:6)&#13;&#10;"><![CDATA[Given Not a validated Products Page.........................................passed
When User browse to the site................................................passed
And Closes the Popup window.................................................failed
Then Lord and Taylor Homepage should display................................skipped
When User hover over the men section in navigation bar......................skipped
And User click on the Nike Link.............................................skipped
Then Nike products page should display......................................skipped
When User click on Nike Hydroguard Mica Top product image...................skipped
Then Hydroguard Mica Top Product page should display........................skipped
When User should see the default quantity has value one.....................skipped

StackTrace:
org.openqa.selenium.NoSuchElementException: Unable to locate element: //div[@id='close-button']
For documentation on this error, please visit: http://seleniumhq.org/exceptions/no_such_element.html
Build info: version: '3.8.1', revision: '6e95a6684b', time: '2017-12-01T18:33:54.468Z'
System info: host: 'DEBAJYOTI', ip: '192.168.1.209', os.name: 'Windows 8.1', os.arch: 'amd64', os.version: '6.3', java.version: '1.8.0_111'
Driver info: org.openqa.selenium.firefox.FirefoxDriver
Capabilities {acceptInsecureCerts: true, browserName: firefox, browserVersion: 54.0.1, javascriptEnabled: true, moz:accessibilityChecks: false, moz:processID: 10984, moz:profile: C:\Users\DEBAJY~1\AppData\L..., pageLoadStrategy: normal, platform: XP, platformName: XP, platformVersion: 6.3, rotatable: false, specificationLevel: 0, timeouts: {implicit: 0, pageLoad: 300000, script: 30000}}
Session ID: 4a2f5938-9a03-47a8-a712-bce567afdae6
*** Element info: {Using=xpath, value=//div[@id='close-button']}
	at sun.reflect.NativeConstructorAccessorImpl.newInstance0(Native Method)
	at sun.reflect.NativeConstructorAccessorImpl.newInstance(NativeConstructorAccessorImpl.java:62)
	at sun.reflect.DelegatingConstructorAccessorImpl.newInstance(DelegatingConstructorAccessorImpl.java:45)
	at java.lang.reflect.Constructor.newInstance(Constructor.java:423)
	at org.openqa.selenium.remote.http.W3CHttpResponseCodec.createException(W3CHttpResponseCodec.java:187)
	at org.openqa.selenium.remote.http.W3CHttpResponseCodec.decode(W3CHttpResponseCodec.java:122)
	at org.openqa.selenium.remote.http.W3CHttpResponseCodec.decode(W3CHttpResponseCodec.java:49)
	at org.openqa.selenium.remote.HttpCommandExecutor.execute(HttpCommandExecutor.java:164)
	at org.openqa.selenium.remote.service.DriverCommandExecutor.execute(DriverCommandExecutor.java:83)
	at org.openqa.selenium.remote.RemoteWebDriver.execute(RemoteWebDriver.java:601)
	at org.openqa.selenium.remote.RemoteWebDriver.findElement(RemoteWebDriver.java:371)
	at org.openqa.selenium.remote.RemoteWebDriver.findElementByXPath(RemoteWebDriver.java:473)
	at org.openqa.selenium.By$ByXPath.findElement(By.java:361)
	at org.openqa.selenium.remote.RemoteWebDriver.findElement(RemoteWebDriver.java:363)
	at com.lordAndTaylor.qa.framework.controller.PageBaseMethods.clickElement(PageBaseMethods.java:63)
	at com.lordAndTaylor.qa.framework.controller.HomePageController.closeEmailPopUp(HomePageController.java:33)
	at com.lordAndTaylor.qa.scripts.steps.HomePageSteps.closes_the_Popup_window(HomePageSteps.java:13)
	at ✽.And Closes the Popup window(productsPageFunctionality.feature:6)
]]></failure>
</testcase>
<testcase classname="Lord and Taylor Products Page Functionality" name="2. Verify the filter navigation bar options" time="33.510514">
<system-out><![CDATA[Given Not a validated Products Page.........................................passed
When User browse to the site................................................passed
And Closes the Popup window.................................................passed
Then Lord and Taylor Homepage should display................................passed
When User hover over the men section in navigation bar......................passed
And User click on the Nike Link.............................................passed
Then Nike products page should display......................................passed
And User should see the following filter options............................passed
]]></system-out>
</testcase>
<testcase classname="Lord and Taylor Products Page Functionality" name="6. Verify the Shop by brands functionality" time="53.625447">
<failure message="org.openqa.selenium.NoSuchElementException: Unable to locate element: //h1[@id='banner-generic']&#10;For documentation on this error, please visit: http://seleniumhq.org/exceptions/no_such_element.html&#10;Build info: version: '3.8.1', revision: '6e95a6684b', time: '2017-12-01T18:33:54.468Z'&#10;System info: host: 'DEBAJYOTI', ip: '192.168.1.209', os.name: 'Windows 8.1', os.arch: 'amd64', os.version: '6.3', java.version: '1.8.0_111'&#10;Driver info: org.openqa.selenium.firefox.FirefoxDriver&#10;Capabilities {acceptInsecureCerts: true, browserName: firefox, browserVersion: 54.0.1, javascriptEnabled: true, moz:accessibilityChecks: false, moz:processID: 10476, moz:profile: C:\Users\DEBAJY~1\AppData\L..., pageLoadStrategy: normal, platform: XP, platformName: XP, platformVersion: 6.3, rotatable: false, specificationLevel: 0, timeouts: {implicit: 0, pageLoad: 300000, script: 30000}}&#10;Session ID: b35a2d0c-388b-4817-8186-492b1fe0476d&#10;*** Element info: {Using=xpath, value=//h1[@id='banner-generic']}&#13;&#10;&#9;at sun.reflect.NativeConstructorAccessorImpl.newInstance0(Native Method)&#13;&#10;&#9;at sun.reflect.NativeConstructorAccessorImpl.newInstance(NativeConstructorAccessorImpl.java:62)&#13;&#10;&#9;at sun.reflect.DelegatingConstructorAccessorImpl.newInstance(DelegatingConstructorAccessorImpl.java:45)&#13;&#10;&#9;at java.lang.reflect.Constructor.newInstance(Constructor.java:423)&#13;&#10;&#9;at org.openqa.selenium.remote.http.W3CHttpResponseCodec.createException(W3CHttpResponseCodec.java:187)&#13;&#10;&#9;at org.openqa.selenium.remote.http.W3CHttpResponseCodec.decode(W3CHttpResponseCodec.java:122)&#13;&#10;&#9;at org.openqa.selenium.remote.http.W3CHttpResponseCodec.decode(W3CHttpResponseCodec.java:49)&#13;&#10;&#9;at org.openqa.selenium.remote.HttpCommandExecutor.execute(HttpCommandExecutor.java:164)&#13;&#10;&#9;at org.openqa.selenium.remote.service.DriverCommandExecutor.execute(DriverCommandExecutor.java:83)&#13;&#10;&#9;at org.openqa.selenium.remote.RemoteWebDriver.execute(RemoteWebDriver.java:601)&#13;&#10;&#9;at org.openqa.selenium.remote.RemoteWebDriver.findElement(RemoteWebDriver.java:371)&#13;&#10;&#9;at org.openqa.selenium.remote.RemoteWebDriver.findElementByXPath(RemoteWebDriver.java:473)&#13;&#10;&#9;at org.openqa.selenium.By$ByXPath.findElement(By.java:361)&#13;&#10;&#9;at org.openqa.selenium.remote.RemoteWebDriver.findElement(RemoteWebDriver.java:363)&#13;&#10;&#9;at com.lordAndTaylor.qa.framework.controller.PageBaseMethods.verifyText(PageBaseMethods.java:75)&#13;&#10;&#9;at com.lordAndTaylor.qa.framework.controller.ProductsPageController.verifyBannerName(ProductsPageController.java:160)&#13;&#10;&#9;at com.lordAndTaylor.qa.scripts.steps.ProductsPageSteps.product_page_should_display(ProductsPageSteps.java:94)&#13;&#10;&#9;at ✽.Then &quot;ARAMIS&quot; product page should display(productsPageFunctionality.feature:46)&#13;&#10;"><![CDATA[Given Not a validated Products Page.........................................passed
When User browse to the site................................................passed
And Closes the Popup window.................................................passed
Then Lord and Taylor Homepage should display................................passed
When User hover over the men section in navigation bar......................passed
And User click on the Nike Link.............................................passed
Then Nike products page should display......................................passed
When User click on the Shop by brand dropdown...............................passed
And Selects "Aramis" from the dropdown......................................passed
Then "ARAMIS" product page should display...................................failed

StackTrace:
org.openqa.selenium.NoSuchElementException: Unable to locate element: //h1[@id='banner-generic']
For documentation on this error, please visit: http://seleniumhq.org/exceptions/no_such_element.html
Build info: version: '3.8.1', revision: '6e95a6684b', time: '2017-12-01T18:33:54.468Z'
System info: host: 'DEBAJYOTI', ip: '192.168.1.209', os.name: 'Windows 8.1', os.arch: 'amd64', os.version: '6.3', java.version: '1.8.0_111'
Driver info: org.openqa.selenium.firefox.FirefoxDriver
Capabilities {acceptInsecureCerts: true, browserName: firefox, browserVersion: 54.0.1, javascriptEnabled: true, moz:accessibilityChecks: false, moz:processID: 10476, moz:profile: C:\Users\DEBAJY~1\AppData\L..., pageLoadStrategy: normal, platform: XP, platformName: XP, platformVersion: 6.3, rotatable: false, specificationLevel: 0, timeouts: {implicit: 0, pageLoad: 300000, script: 30000}}
Session ID: b35a2d0c-388b-4817-8186-492b1fe0476d
*** Element info: {Using=xpath, value=//h1[@id='banner-generic']}
	at sun.reflect.NativeConstructorAccessorImpl.newInstance0(Native Method)
	at sun.reflect.NativeConstructorAccessorImpl.newInstance(NativeConstructorAccessorImpl.java:62)
	at sun.reflect.DelegatingConstructorAccessorImpl.newInstance(DelegatingConstructorAccessorImpl.java:45)
	at java.lang.reflect.Constructor.newInstance(Constructor.java:423)
	at org.openqa.selenium.remote.http.W3CHttpResponseCodec.createException(W3CHttpResponseCodec.java:187)
	at org.openqa.selenium.remote.http.W3CHttpResponseCodec.decode(W3CHttpResponseCodec.java:122)
	at org.openqa.selenium.remote.http.W3CHttpResponseCodec.decode(W3CHttpResponseCodec.java:49)
	at org.openqa.selenium.remote.HttpCommandExecutor.execute(HttpCommandExecutor.java:164)
	at org.openqa.selenium.remote.service.DriverCommandExecutor.execute(DriverCommandExecutor.java:83)
	at org.openqa.selenium.remote.RemoteWebDriver.execute(RemoteWebDriver.java:601)
	at org.openqa.selenium.remote.RemoteWebDriver.findElement(RemoteWebDriver.java:371)
	at org.openqa.selenium.remote.RemoteWebDriver.findElementByXPath(RemoteWebDriver.java:473)
	at org.openqa.selenium.By$ByXPath.findElement(By.java:361)
	at org.openqa.selenium.remote.RemoteWebDriver.findElement(RemoteWebDriver.java:363)
	at com.lordAndTaylor.qa.framework.controller.PageBaseMethods.verifyText(PageBaseMethods.java:75)
	at com.lordAndTaylor.qa.framework.controller.ProductsPageController.verifyBannerName(ProductsPageController.java:160)
	at com.lordAndTaylor.qa.scripts.steps.ProductsPageSteps.product_page_should_display(ProductsPageSteps.java:94)
	at ✽.Then "ARAMIS" product page should display(productsPageFunctionality.feature:46)
]]></failure>
</testcase>
<testcase classname="Lord and Taylor Products Page Functionality" name="14. Verify that quantity box has a default value of 1" time="49.637176">
<system-out><![CDATA[Given Not a validated Products Page.........................................passed
When User browse to the site................................................passed
And Closes the Popup window.................................................passed
Then Lord and Taylor Homepage should display................................passed
When User hover over the men section in navigation bar......................passed
And User click on the Nike Link.............................................passed
Then Nike products page should display......................................passed
When User click on Nike Hydroguard Mica Top product image...................passed
Then Hydroguard Mica Top Product page should display........................passed
When User should see the default quantity has value one.....................passed
]]></system-out>
</testcase>
<testcase classname="Lord and Taylor Register User Page Functionality" name="1. New User Registration with all fields having valid data" time="44.325666">
<system-out><![CDATA[Given Not a validated user..................................................passed
When User browse to the site................................................passed
And Closes the Popup window.................................................passed
Then Lord and Taylor Homepage should display................................passed
When User clicks on the login link..........................................passed
Then Lord and Taylor Login page should display..............................passed
When User clicks on the Create Account link.................................passed
Then Lord and Taylor Create New Account page should display.................passed
When User enter all the fields with valid data..............................passed
And Click on the create account button......................................passed
Then Registration welcome message should display............................passed
]]></system-out>
</testcase>
<testcase classname="Lord and Taylor Register User Page Functionality" name="4. New User Registration with different password and confirm password fields" time="41.198022">
<system-out><![CDATA[Given Not a validated user..................................................passed
When User browse to the site................................................passed
And Closes the Popup window.................................................passed
Then Lord and Taylor Homepage should display................................passed
When User clicks on the login link..........................................passed
Then Lord and Taylor Login page should display..............................passed
When User clicks on the Create Account link.................................passed
Then Lord and Taylor Create New Account page should display.................passed
When User enter different password and confirm password fields..............passed
And Click on the create account button......................................passed
Then Password error message should display..................................passed
]]></system-out>
</testcase>
<testcase classname="Lord and Taylor Search Box Functionality" name="1. Verify Search Functionality" time="28.49716">
<system-out><![CDATA[Given Not a validated search box............................................passed
When User browse to the site................................................passed
And Closes the Popup window.................................................passed
Then Lord and Taylor Homepage should display................................passed
When User enters as "Men's Nike Air" in the search box......................passed
And User clicks on search button............................................passed
Then User should see Search page header containing the same text that is entered in search box.passed
And User should see the following six items.................................passed
]]></system-out>
</testcase>
<testcase classname="Lord and Taylor Search Box Functionality" name="8. Verify Search box functionality with search keyword containing spaces in between" time="43.294561">
<failure message="org.openqa.selenium.NoSuchElementException: Unable to locate element: //span[@id='no-results-msg']&#10;For documentation on this error, please visit: http://seleniumhq.org/exceptions/no_such_element.html&#10;Build info: version: '3.8.1', revision: '6e95a6684b', time: '2017-12-01T18:33:54.468Z'&#10;System info: host: 'DEBAJYOTI', ip: '192.168.1.209', os.name: 'Windows 8.1', os.arch: 'amd64', os.version: '6.3', java.version: '1.8.0_111'&#10;Driver info: org.openqa.selenium.firefox.FirefoxDriver&#10;Capabilities {acceptInsecureCerts: true, browserName: firefox, browserVersion: 54.0.1, javascriptEnabled: true, moz:accessibilityChecks: false, moz:processID: 8784, moz:profile: C:\Users\DEBAJY~1\AppData\L..., pageLoadStrategy: normal, platform: XP, platformName: XP, platformVersion: 6.3, rotatable: false, specificationLevel: 0, timeouts: {implicit: 0, pageLoad: 300000, script: 30000}}&#10;Session ID: 8990f458-d8ab-46cf-ad10-c16022509cb4&#10;*** Element info: {Using=xpath, value=//span[@id='no-results-msg']}&#13;&#10;&#9;at sun.reflect.NativeConstructorAccessorImpl.newInstance0(Native Method)&#13;&#10;&#9;at sun.reflect.NativeConstructorAccessorImpl.newInstance(NativeConstructorAccessorImpl.java:62)&#13;&#10;&#9;at sun.reflect.DelegatingConstructorAccessorImpl.newInstance(DelegatingConstructorAccessorImpl.java:45)&#13;&#10;&#9;at java.lang.reflect.Constructor.newInstance(Constructor.java:423)&#13;&#10;&#9;at org.openqa.selenium.remote.http.W3CHttpResponseCodec.createException(W3CHttpResponseCodec.java:187)&#13;&#10;&#9;at org.openqa.selenium.remote.http.W3CHttpResponseCodec.decode(W3CHttpResponseCodec.java:122)&#13;&#10;&#9;at org.openqa.selenium.remote.http.W3CHttpResponseCodec.decode(W3CHttpResponseCodec.java:49)&#13;&#10;&#9;at org.openqa.selenium.remote.HttpCommandExecutor.execute(HttpCommandExecutor.java:164)&#13;&#10;&#9;at org.openqa.selenium.remote.service.DriverCommandExecutor.execute(DriverCommandExecutor.java:83)&#13;&#10;&#9;at org.openqa.selenium.remote.RemoteWebDriver.execute(RemoteWebDriver.java:601)&#13;&#10;&#9;at org.openqa.selenium.remote.RemoteWebDriver.findElement(RemoteWebDriver.java:371)&#13;&#10;&#9;at org.openqa.selenium.remote.RemoteWebDriver.findElementByXPath(RemoteWebDriver.java:473)&#13;&#10;&#9;at org.openqa.selenium.By$ByXPath.findElement(By.java:361)&#13;&#10;&#9;at org.openqa.selenium.remote.RemoteWebDriver.findElement(RemoteWebDriver.java:363)&#13;&#10;&#9;at com.lordAndTaylor.qa.framework.controller.PageBaseMethods.verifyTextIsPresent(PageBaseMethods.java:91)&#13;&#10;&#9;at com.lordAndTaylor.qa.framework.controller.SearchBoxController.verifyInvalidSearchErrorMessage(SearchBoxController.java:108)&#13;&#10;&#9;at com.lordAndTaylor.qa.scripts.steps.SearchBoxSteps.user_should_see_a_No_Results_Found_message(SearchBoxSteps.java:79)&#13;&#10;&#9;at ✽.Then User should see a No Results Found message(searchBoxFunctionality.feature:88)&#13;&#10;"><![CDATA[Given Not a validated search box............................................passed
When User browse to the site................................................passed
And Closes the Popup window.................................................passed
Then Lord and Taylor Homepage should display................................passed
When User enters "N i k e A i r" with spaces in between characters in the search box.passed
And User clicks on dropdown box button......................................passed
And User select "Kids" from Dropdown option.................................passed
And User clicks on search button............................................passed
Then User should see a No Results Found message.............................failed

StackTrace:
org.openqa.selenium.NoSuchElementException: Unable to locate element: //span[@id='no-results-msg']
For documentation on this error, please visit: http://seleniumhq.org/exceptions/no_such_element.html
Build info: version: '3.8.1', revision: '6e95a6684b', time: '2017-12-01T18:33:54.468Z'
System info: host: 'DEBAJYOTI', ip: '192.168.1.209', os.name: 'Windows 8.1', os.arch: 'amd64', os.version: '6.3', java.version: '1.8.0_111'
Driver info: org.openqa.selenium.firefox.FirefoxDriver
Capabilities {acceptInsecureCerts: true, browserName: firefox, browserVersion: 54.0.1, javascriptEnabled: true, moz:accessibilityChecks: false, moz:processID: 8784, moz:profile: C:\Users\DEBAJY~1\AppData\L..., pageLoadStrategy: normal, platform: XP, platformName: XP, platformVersion: 6.3, rotatable: false, specificationLevel: 0, timeouts: {implicit: 0, pageLoad: 300000, script: 30000}}
Session ID: 8990f458-d8ab-46cf-ad10-c16022509cb4
*** Element info: {Using=xpath, value=//span[@id='no-results-msg']}
	at sun.reflect.NativeConstructorAccessorImpl.newInstance0(Native Method)
	at sun.reflect.NativeConstructorAccessorImpl.newInstance(NativeConstructorAccessorImpl.java:62)
	at sun.reflect.DelegatingConstructorAccessorImpl.newInstance(DelegatingConstructorAccessorImpl.java:45)
	at java.lang.reflect.Constructor.newInstance(Constructor.java:423)
	at org.openqa.selenium.remote.http.W3CHttpResponseCodec.createException(W3CHttpResponseCodec.java:187)
	at org.openqa.selenium.remote.http.W3CHttpResponseCodec.decode(W3CHttpResponseCodec.java:122)
	at org.openqa.selenium.remote.http.W3CHttpResponseCodec.decode(W3CHttpResponseCodec.java:49)
	at org.openqa.selenium.remote.HttpCommandExecutor.execute(HttpCommandExecutor.java:164)
	at org.openqa.selenium.remote.service.DriverCommandExecutor.execute(DriverCommandExecutor.java:83)
	at org.openqa.selenium.remote.RemoteWebDriver.execute(RemoteWebDriver.java:601)
	at org.openqa.selenium.remote.RemoteWebDriver.findElement(RemoteWebDriver.java:371)
	at org.openqa.selenium.remote.RemoteWebDriver.findElementByXPath(RemoteWebDriver.java:473)
	at org.openqa.selenium.By$ByXPath.findElement(By.java:361)
	at org.openqa.selenium.remote.RemoteWebDriver.findElement(RemoteWebDriver.java:363)
	at com.lordAndTaylor.qa.framework.controller.PageBaseMethods.verifyTextIsPresent(PageBaseMethods.java:91)
	at com.lordAndTaylor.qa.framework.controller.SearchBoxController.verifyInvalidSearchErrorMessage(SearchBoxController.java:108)
	at com.lordAndTaylor.qa.scripts.steps.SearchBoxSteps.user_should_see_a_No_Results_Found_message(SearchBoxSteps.java:79)
	at ✽.Then User should see a No Results Found message(searchBoxFunctionality.feature:88)
]]></failure>
</testcase>
<testcase classname="Lord and Taylor Search Box Functionality" name="1. Verify Search Functionality" time="26.203773">
<system-out><![CDATA[Given Not a validated search box............................................passed
When User browse to the site................................................passed
And Closes the Popup window.................................................passed
Then Lord and Taylor Homepage should display................................passed
When User enters as "Men's Nike Air" in the search box......................passed
And User clicks on search button............................................passed
Then User should see Search page header containing the same text that is entered in search box.passed
And User should see the following six items.................................passed
]]></system-out>
</testcase>
<testcase classname="Lord and Taylor Search Box Functionality" name="2. Verify invalid search query" time="27.597218">
<failure message="org.openqa.selenium.NoSuchElementException: Unable to locate element: //div[@id='close-button']&#10;For documentation on this error, please visit: http://seleniumhq.org/exceptions/no_such_element.html&#10;Build info: version: '3.8.1', revision: '6e95a6684b', time: '2017-12-01T18:33:54.468Z'&#10;System info: host: 'DEBAJYOTI', ip: '192.168.1.209', os.name: 'Windows 8.1', os.arch: 'amd64', os.version: '6.3', java.version: '1.8.0_111'&#10;Driver info: org.openqa.selenium.firefox.FirefoxDriver&#10;Capabilities {acceptInsecureCerts: true, browserName: firefox, browserVersion: 54.0.1, javascriptEnabled: true, moz:accessibilityChecks: false, moz:processID: 2312, moz:profile: C:\Users\DEBAJY~1\AppData\L..., pageLoadStrategy: normal, platform: XP, platformName: XP, platformVersion: 6.3, rotatable: false, specificationLevel: 0, timeouts: {implicit: 0, pageLoad: 300000, script: 30000}}&#10;Session ID: 3f09e5a5-9d0e-4e2f-a5b5-d990358012b2&#10;*** Element info: {Using=xpath, value=//div[@id='close-button']}&#13;&#10;&#9;at sun.reflect.NativeConstructorAccessorImpl.newInstance0(Native Method)&#13;&#10;&#9;at sun.reflect.NativeConstructorAccessorImpl.newInstance(NativeConstructorAccessorImpl.java:62)&#13;&#10;&#9;at sun.reflect.DelegatingConstructorAccessorImpl.newInstance(DelegatingConstructorAccessorImpl.java:45)&#13;&#10;&#9;at java.lang.reflect.Constructor.newInstance(Constructor.java:423)&#13;&#10;&#9;at org.openqa.selenium.remote.http.W3CHttpResponseCodec.createException(W3CHttpResponseCodec.java:187)&#13;&#10;&#9;at org.openqa.selenium.remote.http.W3CHttpResponseCodec.decode(W3CHttpResponseCodec.java:122)&#13;&#10;&#9;at org.openqa.selenium.remote.http.W3CHttpResponseCodec.decode(W3CHttpResponseCodec.java:49)&#13;&#10;&#9;at org.openqa.selenium.remote.HttpCommandExecutor.execute(HttpCommandExecutor.java:164)&#13;&#10;&#9;at org.openqa.selenium.remote.service.DriverCommandExecutor.execute(DriverCommandExecutor.java:83)&#13;&#10;&#9;at org.openqa.selenium.remote.RemoteWebDriver.execute(RemoteWebDriver.java:601)&#13;&#10;&#9;at org.openqa.selenium.remote.RemoteWebDriver.findElement(RemoteWebDriver.java:371)&#13;&#10;&#9;at org.openqa.selenium.remote.RemoteWebDriver.findElementByXPath(RemoteWebDriver.java:473)&#13;&#10;&#9;at org.openqa.selenium.By$ByXPath.findElement(By.java:361)&#13;&#10;&#9;at org.openqa.selenium.remote.RemoteWebDriver.findElement(RemoteWebDriver.java:363)&#13;&#10;&#9;at com.lordAndTaylor.qa.framework.controller.PageBaseMethods.clickElement(PageBaseMethods.java:63)&#13;&#10;&#9;at com.lordAndTaylor.qa.framework.controller.HomePageController.closeEmailPopUp(HomePageController.java:33)&#13;&#10;&#9;at com.lordAndTaylor.qa.scripts.steps.HomePageSteps.closes_the_Popup_window(HomePageSteps.java:13)&#13;&#10;&#9;at ✽.And Closes the Popup window(searchBoxFunctionality.feature:6)&#13;&#10;"><![CDATA[Given Not a validated search box............................................passed
When User browse to the site................................................passed
And Closes the Popup window.................................................failed
Then Lord and Taylor Homepage should display................................skipped
When User enters as "xxxx" in the search box................................skipped
And User clicks on search button............................................skipped
Then User should see a No Results Found message.............................skipped

StackTrace:
org.openqa.selenium.NoSuchElementException: Unable to locate element: //div[@id='close-button']
For documentation on this error, please visit: http://seleniumhq.org/exceptions/no_such_element.html
Build info: version: '3.8.1', revision: '6e95a6684b', time: '2017-12-01T18:33:54.468Z'
System info: host: 'DEBAJYOTI', ip: '192.168.1.209', os.name: 'Windows 8.1', os.arch: 'amd64', os.version: '6.3', java.version: '1.8.0_111'
Driver info: org.openqa.selenium.firefox.FirefoxDriver
Capabilities {acceptInsecureCerts: true, browserName: firefox, browserVersion: 54.0.1, javascriptEnabled: true, moz:accessibilityChecks: false, moz:processID: 2312, moz:profile: C:\Users\DEBAJY~1\AppData\L..., pageLoadStrategy: normal, platform: XP, platformName: XP, platformVersion: 6.3, rotatable: false, specificationLevel: 0, timeouts: {implicit: 0, pageLoad: 300000, script: 30000}}
Session ID: 3f09e5a5-9d0e-4e2f-a5b5-d990358012b2
*** Element info: {Using=xpath, value=//div[@id='close-button']}
	at sun.reflect.NativeConstructorAccessorImpl.newInstance0(Native Method)
	at sun.reflect.NativeConstructorAccessorImpl.newInstance(NativeConstructorAccessorImpl.java:62)
	at sun.reflect.DelegatingConstructorAccessorImpl.newInstance(DelegatingConstructorAccessorImpl.java:45)
	at java.lang.reflect.Constructor.newInstance(Constructor.java:423)
	at org.openqa.selenium.remote.http.W3CHttpResponseCodec.createException(W3CHttpResponseCodec.java:187)
	at org.openqa.selenium.remote.http.W3CHttpResponseCodec.decode(W3CHttpResponseCodec.java:122)
	at org.openqa.selenium.remote.http.W3CHttpResponseCodec.decode(W3CHttpResponseCodec.java:49)
	at org.openqa.selenium.remote.HttpCommandExecutor.execute(HttpCommandExecutor.java:164)
	at org.openqa.selenium.remote.service.DriverCommandExecutor.execute(DriverCommandExecutor.java:83)
	at org.openqa.selenium.remote.RemoteWebDriver.execute(RemoteWebDriver.java:601)
	at org.openqa.selenium.remote.RemoteWebDriver.findElement(RemoteWebDriver.java:371)
	at org.openqa.selenium.remote.RemoteWebDriver.findElementByXPath(RemoteWebDriver.java:473)
	at org.openqa.selenium.By$ByXPath.findElement(By.java:361)
	at org.openqa.selenium.remote.RemoteWebDriver.findElement(RemoteWebDriver.java:363)
	at com.lordAndTaylor.qa.framework.controller.PageBaseMethods.clickElement(PageBaseMethods.java:63)
	at com.lordAndTaylor.qa.framework.controller.HomePageController.closeEmailPopUp(HomePageController.java:33)
	at com.lordAndTaylor.qa.scripts.steps.HomePageSteps.closes_the_Popup_window(HomePageSteps.java:13)
	at ✽.And Closes the Popup window(searchBoxFunctionality.feature:6)
]]></failure>
</testcase>
<testcase classname="Lord and Taylor Search Box Functionality" name="8. Verify Search box functionality with search keyword containing spaces in between" time="28.243309">
<failure message="org.openqa.selenium.NoSuchElementException: Unable to locate element: //div[@id='close-button']&#10;For documentation on this error, please visit: http://seleniumhq.org/exceptions/no_such_element.html&#10;Build info: version: '3.8.1', revision: '6e95a6684b', time: '2017-12-01T18:33:54.468Z'&#10;System info: host: 'DEBAJYOTI', ip: '192.168.1.209', os.name: 'Windows 8.1', os.arch: 'amd64', os.version: '6.3', java.version: '1.8.0_111'&#10;Driver info: org.openqa.selenium.firefox.FirefoxDriver&#10;Capabilities {acceptInsecureCerts: true, browserName: firefox, browserVersion: 54.0.1, javascriptEnabled: true, moz:accessibilityChecks: false, moz:processID: 10412, moz:profile: C:\Users\DEBAJY~1\AppData\L..., pageLoadStrategy: normal, platform: XP, platformName: XP, platformVersion: 6.3, rotatable: false, specificationLevel: 0, timeouts: {implicit: 0, pageLoad: 300000, script: 30000}}&#10;Session ID: cdc34ef0-3394-45b5-b9ec-6c8ecbadc598&#10;*** Element info: {Using=xpath, value=//div[@id='close-button']}&#13;&#10;&#9;at sun.reflect.GeneratedConstructorAccessor78.newInstance(Unknown Source)&#13;&#10;&#9;at sun.reflect.DelegatingConstructorAccessorImpl.newInstance(DelegatingConstructorAccessorImpl.java:45)&#13;&#10;&#9;at java.lang.reflect.Constructor.newInstance(Constructor.java:423)&#13;&#10;&#9;at org.openqa.selenium.remote.http.W3CHttpResponseCodec.createException(W3CHttpResponseCodec.java:187)&#13;&#10;&#9;at org.openqa.selenium.remote.http.W3CHttpResponseCodec.decode(W3CHttpResponseCodec.java:122)&#13;&#10;&#9;at org.openqa.selenium.remote.http.W3CHttpResponseCodec.decode(W3CHttpResponseCodec.java:49)&#13;&#10;&#9;at org.openqa.selenium.remote.HttpCommandExecutor.execute(HttpCommandExecutor.java:164)&#13;&#10;&#9;at org.openqa.selenium.remote.service.DriverCommandExecutor.execute(DriverCommandExecutor.java:83)&#13;&#10;&#9;at org.openqa.selenium.remote.RemoteWebDriver.execute(RemoteWebDriver.java:601)&#13;&#10;&#9;at org.openqa.selenium.remote.RemoteWebDriver.findElement(RemoteWebDriver.java:371)&#13;&#10;&#9;at org.openqa.selenium.remote.RemoteWebDriver.findElementByXPath(RemoteWebDriver.java:473)&#13;&#10;&#9;at org.openqa.selenium.By$ByXPath.findElement(By.java:361)&#13;&#10;&#9;at org.openqa.selenium.remote.RemoteWebDriver.findElement(RemoteWebDriver.java:363)&#13;&#10;&#9;at com.lordAndTaylor.qa.framework.controller.PageBaseMethods.clickElement(PageBaseMethods.java:63)&#13;&#10;&#9;at com.lordAndTaylor.qa.framework.controller.HomePageController.closeEmailPopUp(HomePageController.java:33)&#13;&#10;&#9;at com.lordAndTaylor.qa.scripts.steps.HomePageSteps.closes_the_Popup_window(HomePageSteps.java:13)&#13;&#10;&#9;at ✽.And Closes the Popup window(searchBoxFunctionality.feature:6)&#13;&#10;"><![CDATA[Given Not a validated search box............................................passed
When User browse to the site................................................passed
And Closes the Popup window.................................................failed
Then Lord and Taylor Homepage should display................................skipped
When User enters "N i k e A i r" with spaces in between characters in the search box.skipped
And User clicks on dropdown box button......................................skipped
And User select "Kids" from Dropdown option.................................skipped
And User clicks on search button............................................skipped
Then User should see a No Results Found message.............................skipped

StackTrace:
org.openqa.selenium.NoSuchElementException: Unable to locate element: //div[@id='close-button']
For documentation on this error, please visit: http://seleniumhq.org/exceptions/no_such_element.html
Build info: version: '3.8.1', revision: '6e95a6684b', time: '2017-12-01T18:33:54.468Z'
System info: host: 'DEBAJYOTI', ip: '192.168.1.209', os.name: 'Windows 8.1', os.arch: 'amd64', os.version: '6.3', java.version: '1.8.0_111'
Driver info: org.openqa.selenium.firefox.FirefoxDriver
Capabilities {acceptInsecureCerts: true, browserName: firefox, browserVersion: 54.0.1, javascriptEnabled: true, moz:accessibilityChecks: false, moz:processID: 10412, moz:profile: C:\Users\DEBAJY~1\AppData\L..., pageLoadStrategy: normal, platform: XP, platformName: XP, platformVersion: 6.3, rotatable: false, specificationLevel: 0, timeouts: {implicit: 0, pageLoad: 300000, script: 30000}}
Session ID: cdc34ef0-3394-45b5-b9ec-6c8ecbadc598
*** Element info: {Using=xpath, value=//div[@id='close-button']}
	at sun.reflect.GeneratedConstructorAccessor78.newInstance(Unknown Source)
	at sun.reflect.DelegatingConstructorAccessorImpl.newInstance(DelegatingConstructorAccessorImpl.java:45)
	at java.lang.reflect.Constructor.newInstance(Constructor.java:423)
	at org.openqa.selenium.remote.http.W3CHttpResponseCodec.createException(W3CHttpResponseCodec.java:187)
	at org.openqa.selenium.remote.http.W3CHttpResponseCodec.decode(W3CHttpResponseCodec.java:122)
	at org.openqa.selenium.remote.http.W3CHttpResponseCodec.decode(W3CHttpResponseCodec.java:49)
	at org.openqa.selenium.remote.HttpCommandExecutor.execute(HttpCommandExecutor.java:164)
	at org.openqa.selenium.remote.service.DriverCommandExecutor.execute(DriverCommandExecutor.java:83)
	at org.openqa.selenium.remote.RemoteWebDriver.execute(RemoteWebDriver.java:601)
	at org.openqa.selenium.remote.RemoteWebDriver.findElement(RemoteWebDriver.java:371)
	at org.openqa.selenium.remote.RemoteWebDriver.findElementByXPath(RemoteWebDriver.java:473)
	at org.openqa.selenium.By$ByXPath.findElement(By.java:361)
	at org.openqa.selenium.remote.RemoteWebDriver.findElement(RemoteWebDriver.java:363)
	at com.lordAndTaylor.qa.framework.controller.PageBaseMethods.clickElement(PageBaseMethods.java:63)
	at com.lordAndTaylor.qa.framework.controller.HomePageController.closeEmailPopUp(HomePageController.java:33)
	at com.lordAndTaylor.qa.scripts.steps.HomePageSteps.closes_the_Popup_window(HomePageSteps.java:13)
	at ✽.And Closes the Popup window(searchBoxFunctionality.feature:6)
]]></failure>
</testcase>
<testcase classname="Lord and Taylor Sign In Page Functionality" name="1. Login with valid username and valid password" time="28.332068">
<failure message="org.openqa.selenium.NoSuchElementException: Unable to locate element: //div[@id='close-button']&#10;For documentation on this error, please visit: http://seleniumhq.org/exceptions/no_such_element.html&#10;Build info: version: '3.8.1', revision: '6e95a6684b', time: '2017-12-01T18:33:54.468Z'&#10;System info: host: 'DEBAJYOTI', ip: '192.168.1.209', os.name: 'Windows 8.1', os.arch: 'amd64', os.version: '6.3', java.version: '1.8.0_111'&#10;Driver info: org.openqa.selenium.firefox.FirefoxDriver&#10;Capabilities {acceptInsecureCerts: true, browserName: firefox, browserVersion: 54.0.1, javascriptEnabled: true, moz:accessibilityChecks: false, moz:processID: 8428, moz:profile: C:\Users\DEBAJY~1\AppData\L..., pageLoadStrategy: normal, platform: XP, platformName: XP, platformVersion: 6.3, rotatable: false, specificationLevel: 0, timeouts: {implicit: 0, pageLoad: 300000, script: 30000}}&#10;Session ID: 8710c45e-fbc8-4906-a1b0-59cbc5d5d14e&#10;*** Element info: {Using=xpath, value=//div[@id='close-button']}&#13;&#10;&#9;at sun.reflect.GeneratedConstructorAccessor78.newInstance(Unknown Source)&#13;&#10;&#9;at sun.reflect.DelegatingConstructorAccessorImpl.newInstance(DelegatingConstructorAccessorImpl.java:45)&#13;&#10;&#9;at java.lang.reflect.Constructor.newInstance(Constructor.java:423)&#13;&#10;&#9;at org.openqa.selenium.remote.http.W3CHttpResponseCodec.createException(W3CHttpResponseCodec.java:187)&#13;&#10;&#9;at org.openqa.selenium.remote.http.W3CHttpResponseCodec.decode(W3CHttpResponseCodec.java:122)&#13;&#10;&#9;at org.openqa.selenium.remote.http.W3CHttpResponseCodec.decode(W3CHttpResponseCodec.java:49)&#13;&#10;&#9;at org.openqa.selenium.remote.HttpCommandExecutor.execute(HttpCommandExecutor.java:164)&#13;&#10;&#9;at org.openqa.selenium.remote.service.DriverCommandExecutor.execute(DriverCommandExecutor.java:83)&#13;&#10;&#9;at org.openqa.selenium.remote.RemoteWebDriver.execute(RemoteWebDriver.java:601)&#13;&#10;&#9;at org.openqa.selenium.remote.RemoteWebDriver.findElement(RemoteWebDriver.java:371)&#13;&#10;&#9;at org.openqa.selenium.remote.RemoteWebDriver.findElementByXPath(RemoteWebDriver.java:473)&#13;&#10;&#9;at org.openqa.selenium.By$ByXPath.findElement(By.java:361)&#13;&#10;&#9;at org.openqa.selenium.remote.RemoteWebDriver.findElement(RemoteWebDriver.java:363)&#13;&#10;&#9;at com.lordAndTaylor.qa.framework.controller.PageBaseMethods.clickElement(PageBaseMethods.java:63)&#13;&#10;&#9;at com.lordAndTaylor.qa.framework.controller.HomePageController.closeEmailPopUp(HomePageController.java:33)&#13;&#10;&#9;at com.lordAndTaylor.qa.scripts.steps.HomePageSteps.closes_the_Popup_window(HomePageSteps.java:13)&#13;&#10;&#9;at ✽.And Closes the Popup window(signInFunctionality.feature:6)&#13;&#10;"><![CDATA[Given Not a validated user..................................................passed
When User browse to the site................................................passed
And Closes the Popup window.................................................failed
Then Lord and Taylor Homepage should display................................skipped
When User clicks on the login link..........................................skipped
Then Lord and Taylor Login page should display..............................skipped
When User enter user email as "debajyoti90000@gmail.com"....................skipped
And User enter user password as "Selenium0119!!"............................skipped
And User clicks on login button.............................................skipped
Then Lord and Taylor User account page should display.......................skipped
And Login welcome message should display....................................skipped

StackTrace:
org.openqa.selenium.NoSuchElementException: Unable to locate element: //div[@id='close-button']
For documentation on this error, please visit: http://seleniumhq.org/exceptions/no_such_element.html
Build info: version: '3.8.1', revision: '6e95a6684b', time: '2017-12-01T18:33:54.468Z'
System info: host: 'DEBAJYOTI', ip: '192.168.1.209', os.name: 'Windows 8.1', os.arch: 'amd64', os.version: '6.3', java.version: '1.8.0_111'
Driver info: org.openqa.selenium.firefox.FirefoxDriver
Capabilities {acceptInsecureCerts: true, browserName: firefox, browserVersion: 54.0.1, javascriptEnabled: true, moz:accessibilityChecks: false, moz:processID: 8428, moz:profile: C:\Users\DEBAJY~1\AppData\L..., pageLoadStrategy: normal, platform: XP, platformName: XP, platformVersion: 6.3, rotatable: false, specificationLevel: 0, timeouts: {implicit: 0, pageLoad: 300000, script: 30000}}
Session ID: 8710c45e-fbc8-4906-a1b0-59cbc5d5d14e
*** Element info: {Using=xpath, value=//div[@id='close-button']}
	at sun.reflect.GeneratedConstructorAccessor78.newInstance(Unknown Source)
	at sun.reflect.DelegatingConstructorAccessorImpl.newInstance(DelegatingConstructorAccessorImpl.java:45)
	at java.lang.reflect.Constructor.newInstance(Constructor.java:423)
	at org.openqa.selenium.remote.http.W3CHttpResponseCodec.createException(W3CHttpResponseCodec.java:187)
	at org.openqa.selenium.remote.http.W3CHttpResponseCodec.decode(W3CHttpResponseCodec.java:122)
	at org.openqa.selenium.remote.http.W3CHttpResponseCodec.decode(W3CHttpResponseCodec.java:49)
	at org.openqa.selenium.remote.HttpCommandExecutor.execute(HttpCommandExecutor.java:164)
	at org.openqa.selenium.remote.service.DriverCommandExecutor.execute(DriverCommandExecutor.java:83)
	at org.openqa.selenium.remote.RemoteWebDriver.execute(RemoteWebDriver.java:601)
	at org.openqa.selenium.remote.RemoteWebDriver.findElement(RemoteWebDriver.java:371)
	at org.openqa.selenium.remote.RemoteWebDriver.findElementByXPath(RemoteWebDriver.java:473)
	at org.openqa.selenium.By$ByXPath.findElement(By.java:361)
	at org.openqa.selenium.remote.RemoteWebDriver.findElement(RemoteWebDriver.java:363)
	at com.lordAndTaylor.qa.framework.controller.PageBaseMethods.clickElement(PageBaseMethods.java:63)
	at com.lordAndTaylor.qa.framework.controller.HomePageController.closeEmailPopUp(HomePageController.java:33)
	at com.lordAndTaylor.qa.scripts.steps.HomePageSteps.closes_the_Popup_window(HomePageSteps.java:13)
	at ✽.And Closes the Popup window(signInFunctionality.feature:6)
]]></failure>
</testcase>
<testcase classname="Lord and Taylor Sign In Page Functionality" name="1. Login with valid username and valid password 2" time="35.315466">
<system-out><![CDATA[Given Not a validated user..................................................passed
When User browse to the site................................................passed
And Closes the Popup window.................................................passed
Then Lord and Taylor Homepage should display................................passed
When User clicks on the login link..........................................passed
Then Lord and Taylor Login page should display..............................passed
When User enter user email as "debajyoti199000@gmail.com"...................passed
And User enter user password as "Shiftqa0119!!".............................passed
And User clicks on login button.............................................passed
Then Lord and Taylor User account page should display.......................passed
And Login welcome message should display....................................passed
]]></system-out>
</testcase>
<testcase classname="Lord and Taylor Sign In Page Functionality" name="3. Valid username with missing password" time="28.755994">
<failure message="org.openqa.selenium.NoSuchElementException: Unable to locate element: //div[@id='close-button']&#10;For documentation on this error, please visit: http://seleniumhq.org/exceptions/no_such_element.html&#10;Build info: version: '3.8.1', revision: '6e95a6684b', time: '2017-12-01T18:33:54.468Z'&#10;System info: host: 'DEBAJYOTI', ip: '192.168.1.209', os.name: 'Windows 8.1', os.arch: 'amd64', os.version: '6.3', java.version: '1.8.0_111'&#10;Driver info: org.openqa.selenium.firefox.FirefoxDriver&#10;Capabilities {acceptInsecureCerts: true, browserName: firefox, browserVersion: 54.0.1, javascriptEnabled: true, moz:accessibilityChecks: false, moz:processID: 10748, moz:profile: C:\Users\DEBAJY~1\AppData\L..., pageLoadStrategy: normal, platform: XP, platformName: XP, platformVersion: 6.3, rotatable: false, specificationLevel: 0, timeouts: {implicit: 0, pageLoad: 300000, script: 30000}}&#10;Session ID: 487446a1-0094-4c17-8389-00a767bc07b3&#10;*** Element info: {Using=xpath, value=//div[@id='close-button']}&#13;&#10;&#9;at sun.reflect.GeneratedConstructorAccessor78.newInstance(Unknown Source)&#13;&#10;&#9;at sun.reflect.DelegatingConstructorAccessorImpl.newInstance(DelegatingConstructorAccessorImpl.java:45)&#13;&#10;&#9;at java.lang.reflect.Constructor.newInstance(Constructor.java:423)&#13;&#10;&#9;at org.openqa.selenium.remote.http.W3CHttpResponseCodec.createException(W3CHttpResponseCodec.java:187)&#13;&#10;&#9;at org.openqa.selenium.remote.http.W3CHttpResponseCodec.decode(W3CHttpResponseCodec.java:122)&#13;&#10;&#9;at org.openqa.selenium.remote.http.W3CHttpResponseCodec.decode(W3CHttpResponseCodec.java:49)&#13;&#10;&#9;at org.openqa.selenium.remote.HttpCommandExecutor.execute(HttpCommandExecutor.java:164)&#13;&#10;&#9;at org.openqa.selenium.remote.service.DriverCommandExecutor.execute(DriverCommandExecutor.java:83)&#13;&#10;&#9;at org.openqa.selenium.remote.RemoteWebDriver.execute(RemoteWebDriver.java:601)&#13;&#10;&#9;at org.openqa.selenium.remote.RemoteWebDriver.findElement(RemoteWebDriver.java:371)&#13;&#10;&#9;at org.openqa.selenium.remote.RemoteWebDriver.findElementByXPath(RemoteWebDriver.java:473)&#13;&#10;&#9;at org.openqa.selenium.By$ByXPath.findElement(By.java:361)&#13;&#10;&#9;at org.openqa.selenium.remote.RemoteWebDriver.findElement(RemoteWebDriver.java:363)&#13;&#10;&#9;at com.lordAndTaylor.qa.framework.controller.PageBaseMethods.clickElement(PageBaseMethods.java:63)&#13;&#10;&#9;at com.lordAndTaylor.qa.framework.controller.HomePageController.closeEmailPopUp(HomePageController.java:33)&#13;&#10;&#9;at com.lordAndTaylor.qa.scripts.steps.HomePageSteps.closes_the_Popup_window(HomePageSteps.java:13)&#13;&#10;&#9;at ✽.And Closes the Popup window(signInFunctionality.feature:6)&#13;&#10;"><![CDATA[Given Not a validated user..................................................passed
When User browse to the site................................................passed
And Closes the Popup window.................................................failed
Then Lord and Taylor Homepage should display................................skipped
When User clicks on the login link..........................................skipped
Then Lord and Taylor Login page should display..............................skipped
When User login with email and password.....................................skipped
Then Missing error message should display...................................skipped

StackTrace:
org.openqa.selenium.NoSuchElementException: Unable to locate element: //div[@id='close-button']
For documentation on this error, please visit: http://seleniumhq.org/exceptions/no_such_element.html
Build info: version: '3.8.1', revision: '6e95a6684b', time: '2017-12-01T18:33:54.468Z'
System info: host: 'DEBAJYOTI', ip: '192.168.1.209', os.name: 'Windows 8.1', os.arch: 'amd64', os.version: '6.3', java.version: '1.8.0_111'
Driver info: org.openqa.selenium.firefox.FirefoxDriver
Capabilities {acceptInsecureCerts: true, browserName: firefox, browserVersion: 54.0.1, javascriptEnabled: true, moz:accessibilityChecks: false, moz:processID: 10748, moz:profile: C:\Users\DEBAJY~1\AppData\L..., pageLoadStrategy: normal, platform: XP, platformName: XP, platformVersion: 6.3, rotatable: false, specificationLevel: 0, timeouts: {implicit: 0, pageLoad: 300000, script: 30000}}
Session ID: 487446a1-0094-4c17-8389-00a767bc07b3
*** Element info: {Using=xpath, value=//div[@id='close-button']}
	at sun.reflect.GeneratedConstructorAccessor78.newInstance(Unknown Source)
	at sun.reflect.DelegatingConstructorAccessorImpl.newInstance(DelegatingConstructorAccessorImpl.java:45)
	at java.lang.reflect.Constructor.newInstance(Constructor.java:423)
	at org.openqa.selenium.remote.http.W3CHttpResponseCodec.createException(W3CHttpResponseCodec.java:187)
	at org.openqa.selenium.remote.http.W3CHttpResponseCodec.decode(W3CHttpResponseCodec.java:122)
	at org.openqa.selenium.remote.http.W3CHttpResponseCodec.decode(W3CHttpResponseCodec.java:49)
	at org.openqa.selenium.remote.HttpCommandExecutor.execute(HttpCommandExecutor.java:164)
	at org.openqa.selenium.remote.service.DriverCommandExecutor.execute(DriverCommandExecutor.java:83)
	at org.openqa.selenium.remote.RemoteWebDriver.execute(RemoteWebDriver.java:601)
	at org.openqa.selenium.remote.RemoteWebDriver.findElement(RemoteWebDriver.java:371)
	at org.openqa.selenium.remote.RemoteWebDriver.findElementByXPath(RemoteWebDriver.java:473)
	at org.openqa.selenium.By$ByXPath.findElement(By.java:361)
	at org.openqa.selenium.remote.RemoteWebDriver.findElement(RemoteWebDriver.java:363)
	at com.lordAndTaylor.qa.framework.controller.PageBaseMethods.clickElement(PageBaseMethods.java:63)
	at com.lordAndTaylor.qa.framework.controller.HomePageController.closeEmailPopUp(HomePageController.java:33)
	at com.lordAndTaylor.qa.scripts.steps.HomePageSteps.closes_the_Popup_window(HomePageSteps.java:13)
	at ✽.And Closes the Popup window(signInFunctionality.feature:6)
]]></failure>
</testcase>
<testcase classname="Lord and Taylor Sign In Page Functionality" name="1. Login with valid username and valid password" time="36.36567">
<system-out><![CDATA[Given Not a validated user..................................................passed
When User browse to the site................................................passed
And Closes the Popup window.................................................passed
Then Lord and Taylor Homepage should display................................passed
When User clicks on the login link..........................................passed
Then Lord and Taylor Login page should display..............................passed
When User enter user email as "debajyoti90000@gmail.com"....................passed
And User enter user password as "Selenium0119!!"............................passed
And User clicks on login button.............................................passed
Then Lord and Taylor User account page should display.......................passed
And Login welcome message should display....................................passed
]]></system-out>
</testcase>
<testcase classname="Lord and Taylor Sign In Page Functionality" name="1. Login with valid username and valid password 2" time="26.473336">
<failure message="org.openqa.selenium.NoSuchElementException: Unable to locate element: //div[@id='close-button']&#10;For documentation on this error, please visit: http://seleniumhq.org/exceptions/no_such_element.html&#10;Build info: version: '3.8.1', revision: '6e95a6684b', time: '2017-12-01T18:33:54.468Z'&#10;System info: host: 'DEBAJYOTI', ip: '192.168.1.209', os.name: 'Windows 8.1', os.arch: 'amd64', os.version: '6.3', java.version: '1.8.0_111'&#10;Driver info: org.openqa.selenium.firefox.FirefoxDriver&#10;Capabilities {acceptInsecureCerts: true, browserName: firefox, browserVersion: 54.0.1, javascriptEnabled: true, moz:accessibilityChecks: false, moz:processID: 10628, moz:profile: C:\Users\DEBAJY~1\AppData\L..., pageLoadStrategy: normal, platform: XP, platformName: XP, platformVersion: 6.3, rotatable: false, specificationLevel: 0, timeouts: {implicit: 0, pageLoad: 300000, script: 30000}}&#10;Session ID: dbf71988-76ed-42da-894e-e62877580b39&#10;*** Element info: {Using=xpath, value=//div[@id='close-button']}&#13;&#10;&#9;at sun.reflect.GeneratedConstructorAccessor78.newInstance(Unknown Source)&#13;&#10;&#9;at sun.reflect.DelegatingConstructorAccessorImpl.newInstance(DelegatingConstructorAccessorImpl.java:45)&#13;&#10;&#9;at java.lang.reflect.Constructor.newInstance(Constructor.java:423)&#13;&#10;&#9;at org.openqa.selenium.remote.http.W3CHttpResponseCodec.createException(W3CHttpResponseCodec.java:187)&#13;&#10;&#9;at org.openqa.selenium.remote.http.W3CHttpResponseCodec.decode(W3CHttpResponseCodec.java:122)&#13;&#10;&#9;at org.openqa.selenium.remote.http.W3CHttpResponseCodec.decode(W3CHttpResponseCodec.java:49)&#13;&#10;&#9;at org.openqa.selenium.remote.HttpCommandExecutor.execute(HttpCommandExecutor.java:164)&#13;&#10;&#9;at org.openqa.selenium.remote.service.DriverCommandExecutor.execute(DriverCommandExecutor.java:83)&#13;&#10;&#9;at org.openqa.selenium.remote.RemoteWebDriver.execute(RemoteWebDriver.java:601)&#13;&#10;&#9;at org.openqa.selenium.remote.RemoteWebDriver.findElement(RemoteWebDriver.java:371)&#13;&#10;&#9;at org.openqa.selenium.remote.RemoteWebDriver.findElementByXPath(RemoteWebDriver.java:473)&#13;&#10;&#9;at org.openqa.selenium.By$ByXPath.findElement(By.java:361)&#13;&#10;&#9;at org.openqa.selenium.remote.RemoteWebDriver.findElement(RemoteWebDriver.java:363)&#13;&#10;&#9;at com.lordAndTaylor.qa.framework.controller.PageBaseMethods.clickElement(PageBaseMethods.java:63)&#13;&#10;&#9;at com.lordAndTaylor.qa.framework.controller.HomePageController.closeEmailPopUp(HomePageController.java:33)&#13;&#10;&#9;at com.lordAndTaylor.qa.scripts.steps.HomePageSteps.closes_the_Popup_window(HomePageSteps.java:13)&#13;&#10;&#9;at ✽.And Closes the Popup window(signInFunctionality.feature:6)&#13;&#10;"><![CDATA[Given Not a validated user..................................................passed
When User browse to the site................................................passed
And Closes the Popup window.................................................failed
Then Lord and Taylor Homepage should display................................skipped
When User clicks on the login link..........................................skipped
Then Lord and Taylor Login page should display..............................skipped
When User enter user email as "debajyoti199000@gmail.com"...................skipped
And User enter user password as "Shiftqa0119!!".............................skipped
And User clicks on login button.............................................skipped
Then Lord and Taylor User account page should display.......................skipped
And Login welcome message should display....................................skipped

StackTrace:
org.openqa.selenium.NoSuchElementException: Unable to locate element: //div[@id='close-button']
For documentation on this error, please visit: http://seleniumhq.org/exceptions/no_such_element.html
Build info: version: '3.8.1', revision: '6e95a6684b', time: '2017-12-01T18:33:54.468Z'
System info: host: 'DEBAJYOTI', ip: '192.168.1.209', os.name: 'Windows 8.1', os.arch: 'amd64', os.version: '6.3', java.version: '1.8.0_111'
Driver info: org.openqa.selenium.firefox.FirefoxDriver
Capabilities {acceptInsecureCerts: true, browserName: firefox, browserVersion: 54.0.1, javascriptEnabled: true, moz:accessibilityChecks: false, moz:processID: 10628, moz:profile: C:\Users\DEBAJY~1\AppData\L..., pageLoadStrategy: normal, platform: XP, platformName: XP, platformVersion: 6.3, rotatable: false, specificationLevel: 0, timeouts: {implicit: 0, pageLoad: 300000, script: 30000}}
Session ID: dbf71988-76ed-42da-894e-e62877580b39
*** Element info: {Using=xpath, value=//div[@id='close-button']}
	at sun.reflect.GeneratedConstructorAccessor78.newInstance(Unknown Source)
	at sun.reflect.DelegatingConstructorAccessorImpl.newInstance(DelegatingConstructorAccessorImpl.java:45)
	at java.lang.reflect.Constructor.newInstance(Constructor.java:423)
	at org.openqa.selenium.remote.http.W3CHttpResponseCodec.createException(W3CHttpResponseCodec.java:187)
	at org.openqa.selenium.remote.http.W3CHttpResponseCodec.decode(W3CHttpResponseCodec.java:122)
	at org.openqa.selenium.remote.http.W3CHttpResponseCodec.decode(W3CHttpResponseCodec.java:49)
	at org.openqa.selenium.remote.HttpCommandExecutor.execute(HttpCommandExecutor.java:164)
	at org.openqa.selenium.remote.service.DriverCommandExecutor.execute(DriverCommandExecutor.java:83)
	at org.openqa.selenium.remote.RemoteWebDriver.execute(RemoteWebDriver.java:601)
	at org.openqa.selenium.remote.RemoteWebDriver.findElement(RemoteWebDriver.java:371)
	at org.openqa.selenium.remote.RemoteWebDriver.findElementByXPath(RemoteWebDriver.java:473)
	at org.openqa.selenium.By$ByXPath.findElement(By.java:361)
	at org.openqa.selenium.remote.RemoteWebDriver.findElement(RemoteWebDriver.java:363)
	at com.lordAndTaylor.qa.framework.controller.PageBaseMethods.clickElement(PageBaseMethods.java:63)
	at com.lordAndTaylor.qa.framework.controller.HomePageController.closeEmailPopUp(HomePageController.java:33)
	at com.lordAndTaylor.qa.scripts.steps.HomePageSteps.closes_the_Popup_window(HomePageSteps.java:13)
	at ✽.And Closes the Popup window(signInFunctionality.feature:6)
]]></failure>
</testcase>
<testcase classname="Lord and Taylor Sign In Page Functionality" name="3. Valid username with missing password" time="26.524044">
<failure message="org.openqa.selenium.NoSuchElementException: Unable to locate element: //div[@id='close-button']&#10;For documentation on this error, please visit: http://seleniumhq.org/exceptions/no_such_element.html&#10;Build info: version: '3.8.1', revision: '6e95a6684b', time: '2017-12-01T18:33:54.468Z'&#10;System info: host: 'DEBAJYOTI', ip: '192.168.1.209', os.name: 'Windows 8.1', os.arch: 'amd64', os.version: '6.3', java.version: '1.8.0_111'&#10;Driver info: org.openqa.selenium.firefox.FirefoxDriver&#10;Capabilities {acceptInsecureCerts: true, browserName: firefox, browserVersion: 54.0.1, javascriptEnabled: true, moz:accessibilityChecks: false, moz:processID: 1108, moz:profile: C:\Users\DEBAJY~1\AppData\L..., pageLoadStrategy: normal, platform: XP, platformName: XP, platformVersion: 6.3, rotatable: false, specificationLevel: 0, timeouts: {implicit: 0, pageLoad: 300000, script: 30000}}&#10;Session ID: 10117ee2-075b-494f-aa57-81873f5df2ae&#10;*** Element info: {Using=xpath, value=//div[@id='close-button']}&#13;&#10;&#9;at sun.reflect.GeneratedConstructorAccessor78.newInstance(Unknown Source)&#13;&#10;&#9;at sun.reflect.DelegatingConstructorAccessorImpl.newInstance(DelegatingConstructorAccessorImpl.java:45)&#13;&#10;&#9;at java.lang.reflect.Constructor.newInstance(Constructor.java:423)&#13;&#10;&#9;at org.openqa.selenium.remote.http.W3CHttpResponseCodec.createException(W3CHttpResponseCodec.java:187)&#13;&#10;&#9;at org.openqa.selenium.remote.http.W3CHttpResponseCodec.decode(W3CHttpResponseCodec.java:122)&#13;&#10;&#9;at org.openqa.selenium.remote.http.W3CHttpResponseCodec.decode(W3CHttpResponseCodec.java:49)&#13;&#10;&#9;at org.openqa.selenium.remote.HttpCommandExecutor.execute(HttpCommandExecutor.java:164)&#13;&#10;&#9;at org.openqa.selenium.remote.service.DriverCommandExecutor.execute(DriverCommandExecutor.java:83)&#13;&#10;&#9;at org.openqa.selenium.remote.RemoteWebDriver.execute(RemoteWebDriver.java:601)&#13;&#10;&#9;at org.openqa.selenium.remote.RemoteWebDriver.findElement(RemoteWebDriver.java:371)&#13;&#10;&#9;at org.openqa.selenium.remote.RemoteWebDriver.findElementByXPath(RemoteWebDriver.java:473)&#13;&#10;&#9;at org.openqa.selenium.By$ByXPath.findElement(By.java:361)&#13;&#10;&#9;at org.openqa.selenium.remote.RemoteWebDriver.findElement(RemoteWebDriver.java:363)&#13;&#10;&#9;at com.lordAndTaylor.qa.framework.controller.PageBaseMethods.clickElement(PageBaseMethods.java:63)&#13;&#10;&#9;at com.lordAndTaylor.qa.framework.controller.HomePageController.closeEmailPopUp(HomePageController.java:33)&#13;&#10;&#9;at com.lordAndTaylor.qa.scripts.steps.HomePageSteps.closes_the_Popup_window(HomePageSteps.java:13)&#13;&#10;&#9;at ✽.And Closes the Popup window(signInFunctionality.feature:6)&#13;&#10;"><![CDATA[Given Not a validated user..................................................passed
When User browse to the site................................................passed
And Closes the Popup window.................................................failed
Then Lord and Taylor Homepage should display................................skipped
When User clicks on the login link..........................................skipped
Then Lord and Taylor Login page should display..............................skipped
When User login with email and password.....................................skipped
Then Missing error message should display...................................skipped

StackTrace:
org.openqa.selenium.NoSuchElementException: Unable to locate element: //div[@id='close-button']
For documentation on this error, please visit: http://seleniumhq.org/exceptions/no_such_element.html
Build info: version: '3.8.1', revision: '6e95a6684b', time: '2017-12-01T18:33:54.468Z'
System info: host: 'DEBAJYOTI', ip: '192.168.1.209', os.name: 'Windows 8.1', os.arch: 'amd64', os.version: '6.3', java.version: '1.8.0_111'
Driver info: org.openqa.selenium.firefox.FirefoxDriver
Capabilities {acceptInsecureCerts: true, browserName: firefox, browserVersion: 54.0.1, javascriptEnabled: true, moz:accessibilityChecks: false, moz:processID: 1108, moz:profile: C:\Users\DEBAJY~1\AppData\L..., pageLoadStrategy: normal, platform: XP, platformName: XP, platformVersion: 6.3, rotatable: false, specificationLevel: 0, timeouts: {implicit: 0, pageLoad: 300000, script: 30000}}
Session ID: 10117ee2-075b-494f-aa57-81873f5df2ae
*** Element info: {Using=xpath, value=//div[@id='close-button']}
	at sun.reflect.GeneratedConstructorAccessor78.newInstance(Unknown Source)
	at sun.reflect.DelegatingConstructorAccessorImpl.newInstance(DelegatingConstructorAccessorImpl.java:45)
	at java.lang.reflect.Constructor.newInstance(Constructor.java:423)
	at org.openqa.selenium.remote.http.W3CHttpResponseCodec.createException(W3CHttpResponseCodec.java:187)
	at org.openqa.selenium.remote.http.W3CHttpResponseCodec.decode(W3CHttpResponseCodec.java:122)
	at org.openqa.selenium.remote.http.W3CHttpResponseCodec.decode(W3CHttpResponseCodec.java:49)
	at org.openqa.selenium.remote.HttpCommandExecutor.execute(HttpCommandExecutor.java:164)
	at org.openqa.selenium.remote.service.DriverCommandExecutor.execute(DriverCommandExecutor.java:83)
	at org.openqa.selenium.remote.RemoteWebDriver.execute(RemoteWebDriver.java:601)
	at org.openqa.selenium.remote.RemoteWebDriver.findElement(RemoteWebDriver.java:371)
	at org.openqa.selenium.remote.RemoteWebDriver.findElementByXPath(RemoteWebDriver.java:473)
	at org.openqa.selenium.By$ByXPath.findElement(By.java:361)
	at org.openqa.selenium.remote.RemoteWebDriver.findElement(RemoteWebDriver.java:363)
	at com.lordAndTaylor.qa.framework.controller.PageBaseMethods.clickElement(PageBaseMethods.java:63)
	at com.lordAndTaylor.qa.framework.controller.HomePageController.closeEmailPopUp(HomePageController.java:33)
	at com.lordAndTaylor.qa.scripts.steps.HomePageSteps.closes_the_Popup_window(HomePageSteps.java:13)
	at ✽.And Closes the Popup window(signInFunctionality.feature:6)
]]></failure>
</testcase>
<testcase classname="Lord and Taylor User Account Page Functionality" name="5. Verify that the States dropdown box in Add Shipping Address field is in alphabetical order" time="26.124493">
<failure message="org.openqa.selenium.NoSuchElementException: Unable to locate element: //div[@id='close-button']&#10;For documentation on this error, please visit: http://seleniumhq.org/exceptions/no_such_element.html&#10;Build info: version: '3.8.1', revision: '6e95a6684b', time: '2017-12-01T18:33:54.468Z'&#10;System info: host: 'DEBAJYOTI', ip: '192.168.1.209', os.name: 'Windows 8.1', os.arch: 'amd64', os.version: '6.3', java.version: '1.8.0_111'&#10;Driver info: org.openqa.selenium.firefox.FirefoxDriver&#10;Capabilities {acceptInsecureCerts: true, browserName: firefox, browserVersion: 54.0.1, javascriptEnabled: true, moz:accessibilityChecks: false, moz:processID: 4248, moz:profile: C:\Users\DEBAJY~1\AppData\L..., pageLoadStrategy: normal, platform: XP, platformName: XP, platformVersion: 6.3, rotatable: false, specificationLevel: 0, timeouts: {implicit: 0, pageLoad: 300000, script: 30000}}&#10;Session ID: 0eb736b1-9e4d-4903-afda-578b4742796e&#10;*** Element info: {Using=xpath, value=//div[@id='close-button']}&#13;&#10;&#9;at sun.reflect.GeneratedConstructorAccessor78.newInstance(Unknown Source)&#13;&#10;&#9;at sun.reflect.DelegatingConstructorAccessorImpl.newInstance(DelegatingConstructorAccessorImpl.java:45)&#13;&#10;&#9;at java.lang.reflect.Constructor.newInstance(Constructor.java:423)&#13;&#10;&#9;at org.openqa.selenium.remote.http.W3CHttpResponseCodec.createException(W3CHttpResponseCodec.java:187)&#13;&#10;&#9;at org.openqa.selenium.remote.http.W3CHttpResponseCodec.decode(W3CHttpResponseCodec.java:122)&#13;&#10;&#9;at org.openqa.selenium.remote.http.W3CHttpResponseCodec.decode(W3CHttpResponseCodec.java:49)&#13;&#10;&#9;at org.openqa.selenium.remote.HttpCommandExecutor.execute(HttpCommandExecutor.java:164)&#13;&#10;&#9;at org.openqa.selenium.remote.service.DriverCommandExecutor.execute(DriverCommandExecutor.java:83)&#13;&#10;&#9;at org.openqa.selenium.remote.RemoteWebDriver.execute(RemoteWebDriver.java:601)&#13;&#10;&#9;at org.openqa.selenium.remote.RemoteWebDriver.findElement(RemoteWebDriver.java:371)&#13;&#10;&#9;at org.openqa.selenium.remote.RemoteWebDriver.findElementByXPath(RemoteWebDriver.java:473)&#13;&#10;&#9;at org.openqa.selenium.By$ByXPath.findElement(By.java:361)&#13;&#10;&#9;at org.openqa.selenium.remote.RemoteWebDriver.findElement(RemoteWebDriver.java:363)&#13;&#10;&#9;at com.lordAndTaylor.qa.framework.controller.PageBaseMethods.clickElement(PageBaseMethods.java:63)&#13;&#10;&#9;at com.lordAndTaylor.qa.framework.controller.HomePageController.closeEmailPopUp(HomePageController.java:33)&#13;&#10;&#9;at com.lordAndTaylor.qa.scripts.steps.HomePageSteps.closes_the_Popup_window(HomePageSteps.java:13)&#13;&#10;&#9;at ✽.And Closes the Popup window(userAccountPageFunctionality.feature:6)&#13;&#10;"><![CDATA[Given Not a validated user..................................................passed
When User browse to the site................................................passed
And Closes the Popup window.................................................failed
Then Lord and Taylor Homepage should display................................skipped
When User clicks on the login link..........................................skipped
Then Lord and Taylor Login page should display..............................skipped
When User login with valid credentials......................................skipped
Then Lord and Taylor User account page should display.......................skipped
When User clicks the shipping address navigation bar link...................skipped
And User clicks the add shipping address link...............................skipped
Then User should see the states dropdown menu options in alphabetical order.skipped

StackTrace:
org.openqa.selenium.NoSuchElementException: Unable to locate element: //div[@id='close-button']
For documentation on this error, please visit: http://seleniumhq.org/exceptions/no_such_element.html
Build info: version: '3.8.1', revision: '6e95a6684b', time: '2017-12-01T18:33:54.468Z'
System info: host: 'DEBAJYOTI', ip: '192.168.1.209', os.name: 'Windows 8.1', os.arch: 'amd64', os.version: '6.3', java.version: '1.8.0_111'
Driver info: org.openqa.selenium.firefox.FirefoxDriver
Capabilities {acceptInsecureCerts: true, browserName: firefox, browserVersion: 54.0.1, javascriptEnabled: true, moz:accessibilityChecks: false, moz:processID: 4248, moz:profile: C:\Users\DEBAJY~1\AppData\L..., pageLoadStrategy: normal, platform: XP, platformName: XP, platformVersion: 6.3, rotatable: false, specificationLevel: 0, timeouts: {implicit: 0, pageLoad: 300000, script: 30000}}
Session ID: 0eb736b1-9e4d-4903-afda-578b4742796e
*** Element info: {Using=xpath, value=//div[@id='close-button']}
	at sun.reflect.GeneratedConstructorAccessor78.newInstance(Unknown Source)
	at sun.reflect.DelegatingConstructorAccessorImpl.newInstance(DelegatingConstructorAccessorImpl.java:45)
	at java.lang.reflect.Constructor.newInstance(Constructor.java:423)
	at org.openqa.selenium.remote.http.W3CHttpResponseCodec.createException(W3CHttpResponseCodec.java:187)
	at org.openqa.selenium.remote.http.W3CHttpResponseCodec.decode(W3CHttpResponseCodec.java:122)
	at org.openqa.selenium.remote.http.W3CHttpResponseCodec.decode(W3CHttpResponseCodec.java:49)
	at org.openqa.selenium.remote.HttpCommandExecutor.execute(HttpCommandExecutor.java:164)
	at org.openqa.selenium.remote.service.DriverCommandExecutor.execute(DriverCommandExecutor.java:83)
	at org.openqa.selenium.remote.RemoteWebDriver.execute(RemoteWebDriver.java:601)
	at org.openqa.selenium.remote.RemoteWebDriver.findElement(RemoteWebDriver.java:371)
	at org.openqa.selenium.remote.RemoteWebDriver.findElementByXPath(RemoteWebDriver.java:473)
	at org.openqa.selenium.By$ByXPath.findElement(By.java:361)
	at org.openqa.selenium.remote.RemoteWebDriver.findElement(RemoteWebDriver.java:363)
	at com.lordAndTaylor.qa.framework.controller.PageBaseMethods.clickElement(PageBaseMethods.java:63)
	at com.lordAndTaylor.qa.framework.controller.HomePageController.closeEmailPopUp(HomePageController.java:33)
	at com.lordAndTaylor.qa.scripts.steps.HomePageSteps.closes_the_Popup_window(HomePageSteps.java:13)
	at ✽.And Closes the Popup window(userAccountPageFunctionality.feature:6)
]]></failure>
</testcase>
<testcase classname="Lord and Taylor User Account Page Functionality" name="7. Verify the Order History Message for new account holders who hasn't placed an order yet" time="38.142109">
<system-out><![CDATA[Given Not a validated user..................................................passed
When User browse to the site................................................passed
And Closes the Popup window.................................................passed
Then Lord and Taylor Homepage should display................................passed
When User clicks on the login link..........................................passed
Then Lord and Taylor Login page should display..............................passed
When User login with valid credentials......................................passed
Then Lord and Taylor User account page should display.......................passed
And User clicks the Order History link......................................passed
Then The following order history message should display.....................passed
]]></system-out>
</testcase>
<testcase classname="Lord and Taylor User Account Page Functionality" name="5. Verify that the States dropdown box in Add Shipping Address field is in alphabetical order" time="27.182192">
<failure message="org.openqa.selenium.NoSuchElementException: Unable to locate element: //div[@id='close-button']&#10;For documentation on this error, please visit: http://seleniumhq.org/exceptions/no_such_element.html&#10;Build info: version: '3.8.1', revision: '6e95a6684b', time: '2017-12-01T18:33:54.468Z'&#10;System info: host: 'DEBAJYOTI', ip: '192.168.1.209', os.name: 'Windows 8.1', os.arch: 'amd64', os.version: '6.3', java.version: '1.8.0_111'&#10;Driver info: org.openqa.selenium.firefox.FirefoxDriver&#10;Capabilities {acceptInsecureCerts: true, browserName: firefox, browserVersion: 54.0.1, javascriptEnabled: true, moz:accessibilityChecks: false, moz:processID: 8560, moz:profile: C:\Users\DEBAJY~1\AppData\L..., pageLoadStrategy: normal, platform: XP, platformName: XP, platformVersion: 6.3, rotatable: false, specificationLevel: 0, timeouts: {implicit: 0, pageLoad: 300000, script: 30000}}&#10;Session ID: 6a818dfd-fbf6-4fa5-a5d2-c8b377e69184&#10;*** Element info: {Using=xpath, value=//div[@id='close-button']}&#13;&#10;&#9;at sun.reflect.GeneratedConstructorAccessor78.newInstance(Unknown Source)&#13;&#10;&#9;at sun.reflect.DelegatingConstructorAccessorImpl.newInstance(DelegatingConstructorAccessorImpl.java:45)&#13;&#10;&#9;at java.lang.reflect.Constructor.newInstance(Constructor.java:423)&#13;&#10;&#9;at org.openqa.selenium.remote.http.W3CHttpResponseCodec.createException(W3CHttpResponseCodec.java:187)&#13;&#10;&#9;at org.openqa.selenium.remote.http.W3CHttpResponseCodec.decode(W3CHttpResponseCodec.java:122)&#13;&#10;&#9;at org.openqa.selenium.remote.http.W3CHttpResponseCodec.decode(W3CHttpResponseCodec.java:49)&#13;&#10;&#9;at org.openqa.selenium.remote.HttpCommandExecutor.execute(HttpCommandExecutor.java:164)&#13;&#10;&#9;at org.openqa.selenium.remote.service.DriverCommandExecutor.execute(DriverCommandExecutor.java:83)&#13;&#10;&#9;at org.openqa.selenium.remote.RemoteWebDriver.execute(RemoteWebDriver.java:601)&#13;&#10;&#9;at org.openqa.selenium.remote.RemoteWebDriver.findElement(RemoteWebDriver.java:371)&#13;&#10;&#9;at org.openqa.selenium.remote.RemoteWebDriver.findElementByXPath(RemoteWebDriver.java:473)&#13;&#10;&#9;at org.openqa.selenium.By$ByXPath.findElement(By.java:361)&#13;&#10;&#9;at org.openqa.selenium.remote.RemoteWebDriver.findElement(RemoteWebDriver.java:363)&#13;&#10;&#9;at com.lordAndTaylor.qa.framework.controller.PageBaseMethods.clickElement(PageBaseMethods.java:63)&#13;&#10;&#9;at com.lordAndTaylor.qa.framework.controller.HomePageController.closeEmailPopUp(HomePageController.java:33)&#13;&#10;&#9;at com.lordAndTaylor.qa.scripts.steps.HomePageSteps.closes_the_Popup_window(HomePageSteps.java:13)&#13;&#10;&#9;at ✽.And Closes the Popup window(userAccountPageFunctionality.feature:6)&#13;&#10;"><![CDATA[Given Not a validated user..................................................passed
When User browse to the site................................................passed
And Closes the Popup window.................................................failed
Then Lord and Taylor Homepage should display................................skipped
When User clicks on the login link..........................................skipped
Then Lord and Taylor Login page should display..............................skipped
When User login with valid credentials......................................skipped
Then Lord and Taylor User account page should display.......................skipped
When User clicks the shipping address navigation bar link...................skipped
And User clicks the add shipping address link...............................skipped
Then User should see the states dropdown menu options in alphabetical order.skipped

StackTrace:
org.openqa.selenium.NoSuchElementException: Unable to locate element: //div[@id='close-button']
For documentation on this error, please visit: http://seleniumhq.org/exceptions/no_such_element.html
Build info: version: '3.8.1', revision: '6e95a6684b', time: '2017-12-01T18:33:54.468Z'
System info: host: 'DEBAJYOTI', ip: '192.168.1.209', os.name: 'Windows 8.1', os.arch: 'amd64', os.version: '6.3', java.version: '1.8.0_111'
Driver info: org.openqa.selenium.firefox.FirefoxDriver
Capabilities {acceptInsecureCerts: true, browserName: firefox, browserVersion: 54.0.1, javascriptEnabled: true, moz:accessibilityChecks: false, moz:processID: 8560, moz:profile: C:\Users\DEBAJY~1\AppData\L..., pageLoadStrategy: normal, platform: XP, platformName: XP, platformVersion: 6.3, rotatable: false, specificationLevel: 0, timeouts: {implicit: 0, pageLoad: 300000, script: 30000}}
Session ID: 6a818dfd-fbf6-4fa5-a5d2-c8b377e69184
*** Element info: {Using=xpath, value=//div[@id='close-button']}
	at sun.reflect.GeneratedConstructorAccessor78.newInstance(Unknown Source)
	at sun.reflect.DelegatingConstructorAccessorImpl.newInstance(DelegatingConstructorAccessorImpl.java:45)
	at java.lang.reflect.Constructor.newInstance(Constructor.java:423)
	at org.openqa.selenium.remote.http.W3CHttpResponseCodec.createException(W3CHttpResponseCodec.java:187)
	at org.openqa.selenium.remote.http.W3CHttpResponseCodec.decode(W3CHttpResponseCodec.java:122)
	at org.openqa.selenium.remote.http.W3CHttpResponseCodec.decode(W3CHttpResponseCodec.java:49)
	at org.openqa.selenium.remote.HttpCommandExecutor.execute(HttpCommandExecutor.java:164)
	at org.openqa.selenium.remote.service.DriverCommandExecutor.execute(DriverCommandExecutor.java:83)
	at org.openqa.selenium.remote.RemoteWebDriver.execute(RemoteWebDriver.java:601)
	at org.openqa.selenium.remote.RemoteWebDriver.findElement(RemoteWebDriver.java:371)
	at org.openqa.selenium.remote.RemoteWebDriver.findElementByXPath(RemoteWebDriver.java:473)
	at org.openqa.selenium.By$ByXPath.findElement(By.java:361)
	at org.openqa.selenium.remote.RemoteWebDriver.findElement(RemoteWebDriver.java:363)
	at com.lordAndTaylor.qa.framework.controller.PageBaseMethods.clickElement(PageBaseMethods.java:63)
	at com.lordAndTaylor.qa.framework.controller.HomePageController.closeEmailPopUp(HomePageController.java:33)
	at com.lordAndTaylor.qa.scripts.steps.HomePageSteps.closes_the_Popup_window(HomePageSteps.java:13)
	at ✽.And Closes the Popup window(userAccountPageFunctionality.feature:6)
]]></failure>
</testcase>
<testcase classname="Lord and Taylor User Account Page Functionality" name="7. Verify the Order History Message for new account holders who hasn't placed an order yet" time="27.175777">
<failure message="org.openqa.selenium.NoSuchElementException: Unable to locate element: //div[@id='close-button']&#10;For documentation on this error, please visit: http://seleniumhq.org/exceptions/no_such_element.html&#10;Build info: version: '3.8.1', revision: '6e95a6684b', time: '2017-12-01T18:33:54.468Z'&#10;System info: host: 'DEBAJYOTI', ip: '192.168.1.209', os.name: 'Windows 8.1', os.arch: 'amd64', os.version: '6.3', java.version: '1.8.0_111'&#10;Driver info: org.openqa.selenium.firefox.FirefoxDriver&#10;Capabilities {acceptInsecureCerts: true, browserName: firefox, browserVersion: 54.0.1, javascriptEnabled: true, moz:accessibilityChecks: false, moz:processID: 9588, moz:profile: C:\Users\DEBAJY~1\AppData\L..., pageLoadStrategy: normal, platform: XP, platformName: XP, platformVersion: 6.3, rotatable: false, specificationLevel: 0, timeouts: {implicit: 0, pageLoad: 300000, script: 30000}}&#10;Session ID: b22b1384-60b9-4424-9f55-df8567dc9e2c&#10;*** Element info: {Using=xpath, value=//div[@id='close-button']}&#13;&#10;&#9;at sun.reflect.GeneratedConstructorAccessor78.newInstance(Unknown Source)&#13;&#10;&#9;at sun.reflect.DelegatingConstructorAccessorImpl.newInstance(DelegatingConstructorAccessorImpl.java:45)&#13;&#10;&#9;at java.lang.reflect.Constructor.newInstance(Constructor.java:423)&#13;&#10;&#9;at org.openqa.selenium.remote.http.W3CHttpResponseCodec.createException(W3CHttpResponseCodec.java:187)&#13;&#10;&#9;at org.openqa.selenium.remote.http.W3CHttpResponseCodec.decode(W3CHttpResponseCodec.java:122)&#13;&#10;&#9;at org.openqa.selenium.remote.http.W3CHttpResponseCodec.decode(W3CHttpResponseCodec.java:49)&#13;&#10;&#9;at org.openqa.selenium.remote.HttpCommandExecutor.execute(HttpCommandExecutor.java:164)&#13;&#10;&#9;at org.openqa.selenium.remote.service.DriverCommandExecutor.execute(DriverCommandExecutor.java:83)&#13;&#10;&#9;at org.openqa.selenium.remote.RemoteWebDriver.execute(RemoteWebDriver.java:601)&#13;&#10;&#9;at org.openqa.selenium.remote.RemoteWebDriver.findElement(RemoteWebDriver.java:371)&#13;&#10;&#9;at org.openqa.selenium.remote.RemoteWebDriver.findElementByXPath(RemoteWebDriver.java:473)&#13;&#10;&#9;at org.openqa.selenium.By$ByXPath.findElement(By.java:361)&#13;&#10;&#9;at org.openqa.selenium.remote.RemoteWebDriver.findElement(RemoteWebDriver.java:363)&#13;&#10;&#9;at com.lordAndTaylor.qa.framework.controller.PageBaseMethods.clickElement(PageBaseMethods.java:63)&#13;&#10;&#9;at com.lordAndTaylor.qa.framework.controller.HomePageController.closeEmailPopUp(HomePageController.java:33)&#13;&#10;&#9;at com.lordAndTaylor.qa.scripts.steps.HomePageSteps.closes_the_Popup_window(HomePageSteps.java:13)&#13;&#10;&#9;at ✽.And Closes the Popup window(userAccountPageFunctionality.feature:6)&#13;&#10;"><![CDATA[Given Not a validated user..................................................passed
When User browse to the site................................................passed
And Closes the Popup window.................................................failed
Then Lord and Taylor Homepage should display................................skipped
When User clicks on the login link..........................................skipped
Then Lord and Taylor Login page should display..............................skipped
When User login with valid credentials......................................skipped
Then Lord and Taylor User account page should display.......................skipped
And User clicks the Order History link......................................skipped
Then The following order history message should display.....................skipped

StackTrace:
org.openqa.selenium.NoSuchElementException: Unable to locate element: //div[@id='close-button']
For documentation on this error, please visit: http://seleniumhq.org/exceptions/no_such_element.html
Build info: version: '3.8.1', revision: '6e95a6684b', time: '2017-12-01T18:33:54.468Z'
System info: host: 'DEBAJYOTI', ip: '192.168.1.209', os.name: 'Windows 8.1', os.arch: 'amd64', os.version: '6.3', java.version: '1.8.0_111'
Driver info: org.openqa.selenium.firefox.FirefoxDriver
Capabilities {acceptInsecureCerts: true, browserName: firefox, browserVersion: 54.0.1, javascriptEnabled: true, moz:accessibilityChecks: false, moz:processID: 9588, moz:profile: C:\Users\DEBAJY~1\AppData\L..., pageLoadStrategy: normal, platform: XP, platformName: XP, platformVersion: 6.3, rotatable: false, specificationLevel: 0, timeouts: {implicit: 0, pageLoad: 300000, script: 30000}}
Session ID: b22b1384-60b9-4424-9f55-df8567dc9e2c
*** Element info: {Using=xpath, value=//div[@id='close-button']}
	at sun.reflect.GeneratedConstructorAccessor78.newInstance(Unknown Source)
	at sun.reflect.DelegatingConstructorAccessorImpl.newInstance(DelegatingConstructorAccessorImpl.java:45)
	at java.lang.reflect.Constructor.newInstance(Constructor.java:423)
	at org.openqa.selenium.remote.http.W3CHttpResponseCodec.createException(W3CHttpResponseCodec.java:187)
	at org.openqa.selenium.remote.http.W3CHttpResponseCodec.decode(W3CHttpResponseCodec.java:122)
	at org.openqa.selenium.remote.http.W3CHttpResponseCodec.decode(W3CHttpResponseCodec.java:49)
	at org.openqa.selenium.remote.HttpCommandExecutor.execute(HttpCommandExecutor.java:164)
	at org.openqa.selenium.remote.service.DriverCommandExecutor.execute(DriverCommandExecutor.java:83)
	at org.openqa.selenium.remote.RemoteWebDriver.execute(RemoteWebDriver.java:601)
	at org.openqa.selenium.remote.RemoteWebDriver.findElement(RemoteWebDriver.java:371)
	at org.openqa.selenium.remote.RemoteWebDriver.findElementByXPath(RemoteWebDriver.java:473)
	at org.openqa.selenium.By$ByXPath.findElement(By.java:361)
	at org.openqa.selenium.remote.RemoteWebDriver.findElement(RemoteWebDriver.java:363)
	at com.lordAndTaylor.qa.framework.controller.PageBaseMethods.clickElement(PageBaseMethods.java:63)
	at com.lordAndTaylor.qa.framework.controller.HomePageController.closeEmailPopUp(HomePageController.java:33)
	at com.lordAndTaylor.qa.scripts.steps.HomePageSteps.closes_the_Popup_window(HomePageSteps.java:13)
	at ✽.And Closes the Popup window(userAccountPageFunctionality.feature:6)
]]></failure>
</testcase>
</testsuite>
